Looking for git in: git
Using git 2.17.1 from git
> git rev-parse --show-toplevel
> git rev-parse --git-dir
Open repository: /home/william/Documentos/enderecosAlunosAPI
> git status -z -u
> git check-ignore -v -z --stdin
> git symbolic-ref --short HEAD
> git rev-parse feature/graphql
> git rev-parse --symbolic-full-name feature/graphql@{u}
> git rev-list --left-right feature/graphql...refs/remotes/origin/feature/graphql
> git for-each-ref --format %(refname) %(objectname) --sort -committerdate
> git remote --verbose
> git config --get commit.template
> git show :src/alunos/aluno.entity.ts
> git ls-files --stage -- /home/william/Documentos/enderecosAlunosAPI/src/alunos/aluno.entity.ts
> git cat-file -s 1a13db6c01f1d5e571ddf806d8e119c9ba60a999
> git show :src/app.module.ts
> git ls-files --stage -- /home/william/Documentos/enderecosAlunosAPI/src/app.module.ts
> git cat-file -s 9367028396501f5fe0b313f3d1c6e7fa2a6ffa49
> git status -z -u
> git symbolic-ref --short HEAD
> git rev-parse feature/graphql
> git rev-parse --symbolic-full-name feature/graphql@{u}
> git rev-list --left-right feature/graphql...refs/remotes/origin/feature/graphql
> git for-each-ref --format %(refname) %(objectname) --sort -committerdate
> git remote --verbose
> git config --get commit.template
> git status -z -u
> git symbolic-ref --short HEAD
> git rev-parse feature/graphql
> git rev-parse --symbolic-full-name feature/graphql@{u}
> git rev-list --left-right feature/graphql...refs/remotes/origin/feature/graphql
> git for-each-ref --format %(refname) %(objectname) --sort -committerdate
> git remote --verbose
> git config --get commit.template
> git show :src/app.module.ts
> git ls-files --stage -- /home/william/Documentos/enderecosAlunosAPI/src/app.module.ts
> git cat-file -s 9367028396501f5fe0b313f3d1c6e7fa2a6ffa49
> git status -z -u
> git symbolic-ref --short HEAD
> git rev-parse feature/graphql
> git rev-parse --symbolic-full-name feature/graphql@{u}
> git rev-list --left-right feature/graphql...refs/remotes/origin/feature/graphql
> git for-each-ref --format %(refname) %(objectname) --sort -committerdate
> git remote --verbose
> git config --get commit.template
> git show :src/alunos/aluno.entity.ts
> git ls-files --stage -- /home/william/Documentos/enderecosAlunosAPI/src/alunos/aluno.entity.ts
> git cat-file -s 1a13db6c01f1d5e571ddf806d8e119c9ba60a999
> git show :src/app.module.ts
> git ls-files --stage -- /home/william/Documentos/enderecosAlunosAPI/src/app.module.ts
> git cat-file -s 9367028396501f5fe0b313f3d1c6e7fa2a6ffa49
> git status -z -u
> git symbolic-ref --short HEAD
> git rev-parse feature/graphql
> git rev-parse --symbolic-full-name feature/graphql@{u}
> git rev-list --left-right feature/graphql...refs/remotes/origin/feature/graphql
> git for-each-ref --format %(refname) %(objectname) --sort -committerdate
> git remote --verbose
> git config --get commit.template
> git show :src/alunos/aluno.entity.ts
> git ls-files --stage -- /home/william/Documentos/enderecosAlunosAPI/src/alunos/aluno.entity.ts
> git cat-file -s 1a13db6c01f1d5e571ddf806d8e119c9ba60a999
> git show :src/alunos/aluno.resolver.ts
> git ls-files --stage -- /home/william/Documentos/enderecosAlunosAPI/src/alunos/aluno.resolver.ts
> git check-ignore -v -z --stdin
> git status -z -u
> git symbolic-ref --short HEAD
> git rev-parse feature/graphql
> git rev-parse --symbolic-full-name feature/graphql@{u}
> git rev-list --left-right feature/graphql...refs/remotes/origin/feature/graphql
> git for-each-ref --format %(refname) %(objectname) --sort -committerdate
> git remote --verbose
> git config --get commit.template
> git show :src/app.module.ts
> git ls-files --stage -- /home/william/Documentos/enderecosAlunosAPI/src/app.module.ts
> git cat-file -s 9367028396501f5fe0b313f3d1c6e7fa2a6ffa49
> git check-ignore -v -z --stdin
> git show :node_modules/@nestjs/graphql/dist/graphql.module.d.ts
> git ls-files --stage -- /home/william/Documentos/enderecosAlunosAPI/node_modules/@nestjs/graphql/dist/graphql.module.d.ts
> git check-ignore -v -z --stdin
> git check-ignore -v -z --stdin
> git check-ignore -v -z --stdin
> git check-ignore -v -z --stdin
> git check-ignore -v -z --stdin
> git show :src/app.module.ts
> git ls-files --stage -- /home/william/Documentos/enderecosAlunosAPI/src/app.module.ts
> git cat-file -s 9367028396501f5fe0b313f3d1c6e7fa2a6ffa49
> git check-ignore -v -z --stdin
> git show :src/alunos/aluno.resolver.ts
> git ls-files --stage -- /home/william/Documentos/enderecosAlunosAPI/src/alunos/aluno.resolver.ts
> git show :src/app.module.ts
> git ls-files --stage -- /home/william/Documentos/enderecosAlunosAPI/src/app.module.ts
> git cat-file -s 9367028396501f5fe0b313f3d1c6e7fa2a6ffa49
> git status -z -u
> git symbolic-ref --short HEAD
> git rev-parse feature/graphql
> git rev-parse --symbolic-full-name feature/graphql@{u}
> git rev-list --left-right feature/graphql...refs/remotes/origin/feature/graphql
> git for-each-ref --format %(refname) %(objectname) --sort -committerdate
> git remote --verbose
> git config --get commit.template
> git status -z -u
> git symbolic-ref --short HEAD
> git rev-parse feature/graphql
> git rev-parse --symbolic-full-name feature/graphql@{u}
> git rev-list --left-right feature/graphql...refs/remotes/origin/feature/graphql
> git for-each-ref --format %(refname) %(objectname) --sort -committerdate
> git remote --verbose
> git config --get commit.template
> git check-ignore -v -z --stdin
> git show :node_modules/graphql/type/validate.js
> git ls-files --stage -- /home/william/Documentos/enderecosAlunosAPI/node_modules/graphql/type/validate.js
> git check-ignore -v -z --stdin
> git show :src/app.module.ts
> git ls-files --stage -- /home/william/Documentos/enderecosAlunosAPI/src/app.module.ts
> git cat-file -s 9367028396501f5fe0b313f3d1c6e7fa2a6ffa49
> git status -z -u
> git symbolic-ref --short HEAD
> git rev-parse feature/graphql
> git rev-parse --symbolic-full-name feature/graphql@{u}
> git rev-list --left-right feature/graphql...refs/remotes/origin/feature/graphql
> git for-each-ref --format %(refname) %(objectname) --sort -committerdate
> git remote --verbose
> git config --get commit.template
> git status -z -u
> git symbolic-ref --short HEAD
> git rev-parse feature/graphql
> git rev-parse --symbolic-full-name feature/graphql@{u}
> git rev-list --left-right feature/graphql...refs/remotes/origin/feature/graphql
> git for-each-ref --format %(refname) %(objectname) --sort -committerdate
> git remote --verbose
> git config --get commit.template
> git status -z -u
> git symbolic-ref --short HEAD
> git rev-parse feature/graphql
> git rev-parse --symbolic-full-name feature/graphql@{u}
> git rev-list --left-right feature/graphql...refs/remotes/origin/feature/graphql
> git for-each-ref --format %(refname) %(objectname) --sort -committerdate
> git remote --verbose
> git config --get commit.template
> git status -z -u
> git symbolic-ref --short HEAD
> git rev-parse feature/graphql
> git rev-parse --symbolic-full-name feature/graphql@{u}
> git rev-list --left-right feature/graphql...refs/remotes/origin/feature/graphql
> git for-each-ref --format %(refname) %(objectname) --sort -committerdate
> git remote --verbose
> git config --get commit.template
> git ls-files --stage -- /home/william/Documentos/enderecosAlunosAPI/src/app.module.ts
> git cat-file -s 9367028396501f5fe0b313f3d1c6e7fa2a6ffa49
> git show :src/app.module.ts
> git show :node_modules/graphql/type/validate.js
> git ls-files --stage -- /home/william/Documentos/enderecosAlunosAPI/node_modules/graphql/type/validate.js
> git show :src/app.module.ts
> git ls-files --stage -- /home/william/Documentos/enderecosAlunosAPI/src/app.module.ts
> git cat-file -s 9367028396501f5fe0b313f3d1c6e7fa2a6ffa49
> git check-ignore -v -z --stdin
> git status -z -u
> git symbolic-ref --short HEAD
> git show :src/alunos/aluno.entity.ts
> git ls-files --stage -- /home/william/Documentos/enderecosAlunosAPI/src/alunos/aluno.entity.ts
> git rev-parse feature/graphql
> git cat-file -s 1a13db6c01f1d5e571ddf806d8e119c9ba60a999
> git rev-parse --symbolic-full-name feature/graphql@{u}
> git rev-list --left-right feature/graphql...refs/remotes/origin/feature/graphql
> git for-each-ref --format %(refname) %(objectname) --sort -committerdate
> git remote --verbose
> git config --get commit.template
> git show :src/app.module.ts
> git ls-files --stage -- /home/william/Documentos/enderecosAlunosAPI/src/app.module.ts
> git cat-file -s 9367028396501f5fe0b313f3d1c6e7fa2a6ffa49
> git show :src/alunos/aluno.resolver.ts
> git ls-files --stage -- /home/william/Documentos/enderecosAlunosAPI/src/alunos/aluno.resolver.ts
> git show :src/app.module.ts
> git ls-files --stage -- /home/william/Documentos/enderecosAlunosAPI/src/app.module.ts
> git cat-file -s 9367028396501f5fe0b313f3d1c6e7fa2a6ffa49
> git show :src/alunos/aluno.resolver.ts
> git ls-files --stage -- /home/william/Documentos/enderecosAlunosAPI/src/alunos/aluno.resolver.ts
> git show :src/alunos/aluno.controller.ts
> git ls-files --stage -- /home/william/Documentos/enderecosAlunosAPI/src/alunos/aluno.controller.ts
> git cat-file -s 08b6cc4a4df4e7838c144e4b09d165e225978e8f
> git show :src/alunos/aluno.resolver.ts
> git ls-files --stage -- /home/william/Documentos/enderecosAlunosAPI/src/alunos/aluno.resolver.ts
> git show :src/alunos/aluno.controller.ts
> git ls-files --stage -- /home/william/Documentos/enderecosAlunosAPI/src/alunos/aluno.controller.ts
> git cat-file -s 08b6cc4a4df4e7838c144e4b09d165e225978e8f
> git show :src/alunos/aluno.resolver.ts
> git ls-files --stage -- /home/william/Documentos/enderecosAlunosAPI/src/alunos/aluno.resolver.ts
> git status -z -u
> git symbolic-ref --short HEAD
> git rev-parse feature/graphql
> git rev-parse --symbolic-full-name feature/graphql@{u}
> git rev-list --left-right feature/graphql...refs/remotes/origin/feature/graphql
> git for-each-ref --format %(refname) %(objectname) --sort -committerdate
> git remote --verbose
> git config --get commit.template
> git show :src/app.module.ts
> git ls-files --stage -- /home/william/Documentos/enderecosAlunosAPI/src/app.module.ts
> git cat-file -s 9367028396501f5fe0b313f3d1c6e7fa2a6ffa49
> git status -z -u
> git symbolic-ref --short HEAD
> git rev-parse feature/graphql
> git rev-parse --symbolic-full-name feature/graphql@{u}
> git rev-list --left-right feature/graphql...refs/remotes/origin/feature/graphql
> git for-each-ref --format %(refname) %(objectname) --sort -committerdate
> git remote --verbose
> git config --get commit.template
> git status -z -u
> git symbolic-ref --short HEAD
> git rev-parse feature/graphql
> git rev-parse --symbolic-full-name feature/graphql@{u}
> git rev-list --left-right feature/graphql...refs/remotes/origin/feature/graphql
> git for-each-ref --format %(refname) %(objectname) --sort -committerdate
> git remote --verbose
> git config --get commit.template
> git show :src/alunos/aluno.resolver.ts
> git ls-files --stage -- /home/william/Documentos/enderecosAlunosAPI/src/alunos/aluno.resolver.ts
> git show :src/app.module.ts
> git ls-files --stage -- /home/william/Documentos/enderecosAlunosAPI/src/app.module.ts
> git cat-file -s 9367028396501f5fe0b313f3d1c6e7fa2a6ffa49
> git status -z -u
> git symbolic-ref --short HEAD
> git rev-parse feature/graphql
> git rev-parse --symbolic-full-name feature/graphql@{u}
> git rev-list --left-right feature/graphql...refs/remotes/origin/feature/graphql
> git for-each-ref --format %(refname) %(objectname) --sort -committerdate
> git remote --verbose
> git config --get commit.template
> git status -z -u
> git check-ignore -v -z --stdin
> git symbolic-ref --short HEAD
> git rev-parse feature/graphql
> git show :src/schema.gql
> git ls-files --stage -- /home/william/Documentos/enderecosAlunosAPI/src/schema.gql
> git rev-parse --symbolic-full-name feature/graphql@{u}
> git rev-list --left-right feature/graphql...refs/remotes/origin/feature/graphql
> git for-each-ref --format %(refname) %(objectname) --sort -committerdate
> git remote --verbose
> git config --get commit.template
> git show :src/alunos/aluno.entity.ts
> git ls-files --stage -- /home/william/Documentos/enderecosAlunosAPI/src/alunos/aluno.entity.ts
> git cat-file -s 1a13db6c01f1d5e571ddf806d8e119c9ba60a999
> git status -z -u
> git ls-files --stage -- /home/william/Documentos/enderecosAlunosAPI/src/alunos/aluno.entity.ts
> git cat-file -s b83ccddb5f33fea512c3782a0beb83d36d1ec57c
> git show :src/alunos/aluno.entity.ts
> git symbolic-ref --short HEAD
> git rev-parse feature/graphql
> git rev-parse --symbolic-full-name feature/graphql@{u}
> git rev-list --left-right feature/graphql...refs/remotes/origin/feature/graphql
> git for-each-ref --format %(refname) %(objectname) --sort -committerdate
> git remote --verbose
> git config --get commit.template
> git ls-files --stage -- /home/william/Documentos/enderecosAlunosAPI/src/alunos/aluno.entity.ts
> git cat-file -s b83ccddb5f33fea512c3782a0beb83d36d1ec57c
> git show :src/alunos/aluno.entity.ts
> git status -z -u
> git symbolic-ref --short HEAD
> git rev-parse feature/graphql
> git rev-parse --symbolic-full-name feature/graphql@{u}
> git rev-list --left-right feature/graphql...refs/remotes/origin/feature/graphql
> git for-each-ref --format %(refname) %(objectname) --sort -committerdate
> git remote --verbose
> git config --get commit.template
> git status -z -u
> git symbolic-ref --short HEAD
> git rev-parse feature/graphql
> git rev-parse --symbolic-full-name feature/graphql@{u}
> git rev-list --left-right feature/graphql...refs/remotes/origin/feature/graphql
> git for-each-ref --format %(refname) %(objectname) --sort -committerdate
> git remote --verbose
> git config --get commit.template
> git show :src/schema.gql
> git ls-files --stage -- /home/william/Documentos/enderecosAlunosAPI/src/schema.gql
> git show :src/alunos/aluno.entity.ts
> git ls-files --stage -- /home/william/Documentos/enderecosAlunosAPI/src/alunos/aluno.entity.ts
> git cat-file -s b83ccddb5f33fea512c3782a0beb83d36d1ec57c
> git show :src/schema.gql
> git ls-files --stage -- /home/william/Documentos/enderecosAlunosAPI/src/schema.gql
> git show :src/alunos/aluno.entity.ts
> git ls-files --stage -- /home/william/Documentos/enderecosAlunosAPI/src/alunos/aluno.entity.ts
> git cat-file -s b83ccddb5f33fea512c3782a0beb83d36d1ec57c
> git show :src/schema.gql
> git ls-files --stage -- /home/william/Documentos/enderecosAlunosAPI/src/schema.gql
> git status -z -u
> git symbolic-ref --short HEAD
> git rev-parse feature/graphql
> git rev-parse --symbolic-full-name feature/graphql@{u}
> git rev-list --left-right feature/graphql...refs/remotes/origin/feature/graphql
> git for-each-ref --format %(refname) %(objectname) --sort -committerdate
> git remote --verbose
> git config --get commit.template
> git status -z -u
> git symbolic-ref --short HEAD
> git rev-parse feature/graphql
> git rev-parse --symbolic-full-name feature/graphql@{u}
> git rev-list --left-right feature/graphql...refs/remotes/origin/feature/graphql
> git for-each-ref --format %(refname) %(objectname) --sort -committerdate
> git remote --verbose
> git config --get commit.template
> git status -z -u
> git symbolic-ref --short HEAD
> git rev-parse feature/graphql
> git rev-parse --symbolic-full-name feature/graphql@{u}
> git rev-list --left-right feature/graphql...refs/remotes/origin/feature/graphql
> git for-each-ref --format %(refname) %(objectname) --sort -committerdate
> git remote --verbose
> git config --get commit.template
> git status -z -u
> git symbolic-ref --short HEAD
> git rev-parse feature/graphql
> git rev-parse --symbolic-full-name feature/graphql@{u}
> git rev-list --left-right feature/graphql...refs/remotes/origin/feature/graphql
> git for-each-ref --format %(refname) %(objectname) --sort -committerdate
> git remote --verbose
> git config --get commit.template
> git show :src/app.module.ts
> git ls-files --stage -- /home/william/Documentos/enderecosAlunosAPI/src/app.module.ts
> git cat-file -s 9367028396501f5fe0b313f3d1c6e7fa2a6ffa49
> git show :src/schema.gql
> git ls-files --stage -- /home/william/Documentos/enderecosAlunosAPI/src/schema.gql
> git show :src/app.module.ts
> git ls-files --stage -- /home/william/Documentos/enderecosAlunosAPI/src/app.module.ts
> git cat-file -s 9367028396501f5fe0b313f3d1c6e7fa2a6ffa49
> git status -z -u
> git symbolic-ref --short HEAD
> git rev-parse feature/graphql
> git rev-parse --symbolic-full-name feature/graphql@{u}
> git rev-list --left-right feature/graphql...refs/remotes/origin/feature/graphql
> git for-each-ref --format %(refname) %(objectname) --sort -committerdate
> git remote --verbose
> git config --get commit.template
> git ls-files --stage -- /home/william/Documentos/enderecosAlunosAPI/src/app.module.ts
> git cat-file -s 9367028396501f5fe0b313f3d1c6e7fa2a6ffa49
> git show :src/app.module.ts
> git status -z -u
> git symbolic-ref --short HEAD
> git rev-parse feature/graphql
> git rev-parse --symbolic-full-name feature/graphql@{u}
> git rev-list --left-right feature/graphql...refs/remotes/origin/feature/graphql
> git for-each-ref --format %(refname) %(objectname) --sort -committerdate
> git remote --verbose
> git config --get commit.template
> git status -z -u
> git symbolic-ref --short HEAD
> git rev-parse feature/graphql
> git rev-parse --symbolic-full-name feature/graphql@{u}
> git rev-list --left-right feature/graphql...refs/remotes/origin/feature/graphql
> git for-each-ref --format %(refname) %(objectname) --sort -committerdate
> git remote --verbose
> git config --get commit.template
> git show :src/schema.gql
> git ls-files --stage -- /home/william/Documentos/enderecosAlunosAPI/src/schema.gql
> git show :src/app.module.ts
> git ls-files --stage -- /home/william/Documentos/enderecosAlunosAPI/src/app.module.ts
> git cat-file -s 9367028396501f5fe0b313f3d1c6e7fa2a6ffa49
> git status -z -u
> git symbolic-ref --short HEAD
> git rev-parse feature/graphql
> git rev-parse --symbolic-full-name feature/graphql@{u}
> git rev-list --left-right feature/graphql...refs/remotes/origin/feature/graphql
> git for-each-ref --format %(refname) %(objectname) --sort -committerdate
> git remote --verbose
> git config --get commit.template
> git show :src/schema.gql
> git ls-files --stage -- /home/william/Documentos/enderecosAlunosAPI/src/schema.gql
> git status -z -u
> git symbolic-ref --short HEAD
> git rev-parse feature/graphql
> git rev-parse --symbolic-full-name feature/graphql@{u}
> git rev-list --left-right feature/graphql...refs/remotes/origin/feature/graphql
> git for-each-ref --format %(refname) %(objectname) --sort -committerdate
> git remote --verbose
> git config --get commit.template
> git check-ignore -v -z --stdin
> git show :node_modules/graphql-tag/lib/graphql-tag.umd.js
> git ls-files --stage -- /home/william/Documentos/enderecosAlunosAPI/node_modules/graphql-tag/lib/graphql-tag.umd.js
> git check-ignore -v -z --stdin
> git show :src/schema.gql
> git ls-files --stage -- /home/william/Documentos/enderecosAlunosAPI/src/schema.gql
> git status -z -u
> git symbolic-ref --short HEAD
> git rev-parse feature/graphql
> git rev-parse --symbolic-full-name feature/graphql@{u}
> git rev-list --left-right feature/graphql...refs/remotes/origin/feature/graphql
> git for-each-ref --format %(refname) %(objectname) --sort -committerdate
> git remote --verbose
> git config --get commit.template
> git show :node_modules/graphql-tag/lib/graphql-tag.umd.js
> git ls-files --stage -- /home/william/Documentos/enderecosAlunosAPI/node_modules/graphql-tag/lib/graphql-tag.umd.js
> git check-ignore -v -z --stdin
> git show :src/schema.gql
> git ls-files --stage -- /home/william/Documentos/enderecosAlunosAPI/src/schema.gql
> git check-ignore -v -z --stdin
> git show :src/schema.graphql
> git ls-files --stage -- /home/william/Documentos/enderecosAlunosAPI/src/schema.graphql
> git check-ignore -v -z --stdin
> git status -z -u
> git symbolic-ref --short HEAD
> git rev-parse feature/graphql
> git rev-parse --symbolic-full-name feature/graphql@{u}
> git rev-list --left-right feature/graphql...refs/remotes/origin/feature/graphql
> git for-each-ref --format %(refname) %(objectname) --sort -committerdate
> git remote --verbose
> git config --get commit.template
> git show :src/app.module.ts
> git ls-files --stage -- /home/william/Documentos/enderecosAlunosAPI/src/app.module.ts
> git cat-file -s 9367028396501f5fe0b313f3d1c6e7fa2a6ffa49
> git status -z -u
> git symbolic-ref --short HEAD
> git rev-parse feature/graphql
> git rev-parse --symbolic-full-name feature/graphql@{u}
> git rev-list --left-right feature/graphql...refs/remotes/origin/feature/graphql
> git for-each-ref --format %(refname) %(objectname) --sort -committerdate
> git remote --verbose
> git config --get commit.template
> git show :src/schema.graphql
> git ls-files --stage -- /home/william/Documentos/enderecosAlunosAPI/src/schema.graphql
> git status -z -u
> git symbolic-ref --short HEAD
> git rev-parse feature/graphql
> git rev-parse --symbolic-full-name feature/graphql@{u}
> git rev-list --left-right feature/graphql...refs/remotes/origin/feature/graphql
> git for-each-ref --format %(refname) %(objectname) --sort -committerdate
> git remote --verbose
> git config --get commit.template
> git status -z -u
> git symbolic-ref --short HEAD
> git rev-parse feature/graphql
> git rev-parse --symbolic-full-name feature/graphql@{u}
> git rev-list --left-right feature/graphql...refs/remotes/origin/feature/graphql
> git for-each-ref --format %(refname) %(objectname) --sort -committerdate
> git remote --verbose
> git config --get commit.template
> git status -z -u
> git symbolic-ref --short HEAD
> git rev-parse feature/graphql
> git rev-parse --symbolic-full-name feature/graphql@{u}
> git rev-list --left-right feature/graphql...refs/remotes/origin/feature/graphql
> git for-each-ref --format %(refname) %(objectname) --sort -committerdate
> git remote --verbose
> git config --get commit.template
> git status -z -u
> git symbolic-ref --short HEAD
> git rev-parse feature/graphql
> git rev-parse --symbolic-full-name feature/graphql@{u}
> git rev-list --left-right feature/graphql...refs/remotes/origin/feature/graphql
> git for-each-ref --format %(refname) %(objectname) --sort -committerdate
> git remote --verbose
> git config --get commit.template
> git show :src/app.module.ts
> git ls-files --stage -- /home/william/Documentos/enderecosAlunosAPI/src/app.module.ts
> git cat-file -s 9367028396501f5fe0b313f3d1c6e7fa2a6ffa49
> git show :src/alunos/aluno.entity.ts
> git ls-files --stage -- /home/william/Documentos/enderecosAlunosAPI/src/alunos/aluno.entity.ts
> git cat-file -s b83ccddb5f33fea512c3782a0beb83d36d1ec57c
> git show :src/alunos/aluno.resolver.ts
> git ls-files --stage -- /home/william/Documentos/enderecosAlunosAPI/src/alunos/aluno.resolver.ts
> git show :src/schema.graphql
> git ls-files --stage -- /home/william/Documentos/enderecosAlunosAPI/src/schema.graphql
> git show :src/alunos/aluno.resolver.ts
> git ls-files --stage -- /home/william/Documentos/enderecosAlunosAPI/src/alunos/aluno.resolver.ts
> git show :src/app.module.ts
> git ls-files --stage -- /home/william/Documentos/enderecosAlunosAPI/src/app.module.ts
> git cat-file -s 9367028396501f5fe0b313f3d1c6e7fa2a6ffa49
> git show :src/schema.graphql
> git ls-files --stage -- /home/william/Documentos/enderecosAlunosAPI/src/schema.graphql
> git show :src/app.module.ts
> git ls-files --stage -- /home/william/Documentos/enderecosAlunosAPI/src/app.module.ts
> git cat-file -s 9367028396501f5fe0b313f3d1c6e7fa2a6ffa49
> git show :src/schema.graphql
> git ls-files --stage -- /home/william/Documentos/enderecosAlunosAPI/src/schema.graphql
> git show :src/app.module.ts
> git ls-files --stage -- /home/william/Documentos/enderecosAlunosAPI/src/app.module.ts
> git cat-file -s 9367028396501f5fe0b313f3d1c6e7fa2a6ffa49
> git show :src/schema.graphql
> git ls-files --stage -- /home/william/Documentos/enderecosAlunosAPI/src/schema.graphql
> git show :src/app.module.ts
> git ls-files --stage -- /home/william/Documentos/enderecosAlunosAPI/src/app.module.ts
> git cat-file -s 9367028396501f5fe0b313f3d1c6e7fa2a6ffa49
> git show :src/schema.graphql
> git ls-files --stage -- /home/william/Documentos/enderecosAlunosAPI/src/schema.graphql
> git show :src/app.module.ts
> git ls-files --stage -- /home/william/Documentos/enderecosAlunosAPI/src/app.module.ts
> git cat-file -s 9367028396501f5fe0b313f3d1c6e7fa2a6ffa49
> git status -z -u
> git symbolic-ref --short HEAD
> git rev-parse feature/graphql
> git rev-parse --symbolic-full-name feature/graphql@{u}
> git rev-list --left-right feature/graphql...refs/remotes/origin/feature/graphql
> git for-each-ref --format %(refname) %(objectname) --sort -committerdate
> git remote --verbose
> git config --get commit.template
> git status -z -u
> git symbolic-ref --short HEAD
> git rev-parse feature/graphql
> git rev-parse --symbolic-full-name feature/graphql@{u}
> git rev-list --left-right feature/graphql...refs/remotes/origin/feature/graphql
> git for-each-ref --format %(refname) %(objectname) --sort -committerdate
> git remote --verbose
> git config --get commit.template
> git show :src/schema.graphql
> git ls-files --stage -- /home/william/Documentos/enderecosAlunosAPI/src/schema.graphql
> git show :src/app.module.ts
> git ls-files --stage -- /home/william/Documentos/enderecosAlunosAPI/src/app.module.ts
> git cat-file -s 9367028396501f5fe0b313f3d1c6e7fa2a6ffa49
> git show :src/schema.graphql
> git ls-files --stage -- /home/william/Documentos/enderecosAlunosAPI/src/schema.graphql
> git show :src/app.module.ts
> git ls-files --stage -- /home/william/Documentos/enderecosAlunosAPI/src/app.module.ts
> git cat-file -s 9367028396501f5fe0b313f3d1c6e7fa2a6ffa49
> git status -z -u
> git symbolic-ref --short HEAD
> git rev-parse feature/graphql
> git rev-parse --symbolic-full-name feature/graphql@{u}
> git rev-list --left-right feature/graphql...refs/remotes/origin/feature/graphql
> git for-each-ref --format %(refname) %(objectname) --sort -committerdate
> git remote --verbose
> git config --get commit.template
> git show :src/schema.graphql
> git ls-files --stage -- /home/william/Documentos/enderecosAlunosAPI/src/schema.graphql
> git show :src/app.module.ts
> git ls-files --stage -- /home/william/Documentos/enderecosAlunosAPI/src/app.module.ts
> git cat-file -s 9367028396501f5fe0b313f3d1c6e7fa2a6ffa49
> git check-ignore -v -z --stdin
> git status -z -u
> git symbolic-ref --short HEAD
> git rev-parse feature/graphql
> git rev-parse --symbolic-full-name feature/graphql@{u}
> git rev-list --left-right feature/graphql...refs/remotes/origin/feature/graphql
> git for-each-ref --format %(refname) %(objectname) --sort -committerdate
> git remote --verbose
> git config --get commit.template
> git status -z -u
> git symbolic-ref --short HEAD
> git rev-parse feature/graphql
> git rev-parse --symbolic-full-name feature/graphql@{u}
> git rev-list --left-right feature/graphql...refs/remotes/origin/feature/graphql
> git for-each-ref --format %(refname) %(objectname) --sort -committerdate
> git remote --verbose
> git config --get commit.template
> git check-ignore -v -z --stdin
> git check-ignore -v -z --stdin
> git status -z -u
> git symbolic-ref --short HEAD
> git rev-parse feature/graphql
> git rev-parse --symbolic-full-name feature/graphql@{u}
> git rev-list --left-right feature/graphql...refs/remotes/origin/feature/graphql
> git for-each-ref --format %(refname) %(objectname) --sort -committerdate
> git remote --verbose
> git config --get commit.template
> git status -z -u
> git symbolic-ref --short HEAD
> git rev-parse feature/graphql
> git rev-parse --symbolic-full-name feature/graphql@{u}
> git rev-list --left-right feature/graphql...refs/remotes/origin/feature/graphql
> git for-each-ref --format %(refname) %(objectname) --sort -committerdate
> git remote --verbose
> git config --get commit.template
> git status -z -u
> git symbolic-ref --short HEAD
> git rev-parse feature/graphql
> git rev-parse --symbolic-full-name feature/graphql@{u}
> git rev-list --left-right feature/graphql...refs/remotes/origin/feature/graphql
> git for-each-ref --format %(refname) %(objectname) --sort -committerdate
> git remote --verbose
> git config --get commit.template
> git show :src/graphql/graphql.module.ts
> git ls-files --stage -- /home/william/Documentos/enderecosAlunosAPI/src/graphql/graphql.module.ts
> git check-ignore -v -z --stdin
> git status -z -u
> git symbolic-ref --short HEAD
> git rev-parse feature/graphql
> git rev-parse --symbolic-full-name feature/graphql@{u}
> git rev-list --left-right feature/graphql...refs/remotes/origin/feature/graphql
> git for-each-ref --format %(refname) %(objectname) --sort -committerdate
> git remote --verbose
> git config --get commit.template
> git show :src/graphql/schema.graphql
> git ls-files --stage -- /home/william/Documentos/enderecosAlunosAPI/src/graphql/schema.graphql
> git show :src/graphql/schema.gql
> git ls-files --stage -- /home/william/Documentos/enderecosAlunosAPI/src/graphql/schema.gql
> git check-ignore -v -z --stdin
> git status -z -u
> git symbolic-ref --short HEAD
> git rev-parse feature/graphql
> git rev-parse --symbolic-full-name feature/graphql@{u}
> git rev-list --left-right feature/graphql...refs/remotes/origin/feature/graphql
> git for-each-ref --format %(refname) %(objectname) --sort -committerdate
> git remote --verbose
> git config --get commit.template
> git status -z -u
> git symbolic-ref --short HEAD
> git rev-parse feature/graphql
> git rev-parse --symbolic-full-name feature/graphql@{u}
> git rev-list --left-right feature/graphql...refs/remotes/origin/feature/graphql
> git for-each-ref --format %(refname) %(objectname) --sort -committerdate
> git remote --verbose
> git config --get commit.template
> git check-ignore -v -z --stdin
> git show :src/graphql/aluno.resolver.ts
> git ls-files --stage -- /home/william/Documentos/enderecosAlunosAPI/src/graphql/aluno.resolver.ts
> git status -z -u
> git symbolic-ref --short HEAD
> git rev-parse feature/graphql
> git rev-parse --symbolic-full-name feature/graphql@{u}
> git rev-list --left-right feature/graphql...refs/remotes/origin/feature/graphql
> git for-each-ref --format %(refname) %(objectname) --sort -committerdate
> git remote --verbose
> git config --get commit.template
> git show :src/app.module.ts
> git ls-files --stage -- /home/william/Documentos/enderecosAlunosAPI/src/app.module.ts
> git cat-file -s 9367028396501f5fe0b313f3d1c6e7fa2a6ffa49
> git show :src/graphql/graphql.module.ts
> git ls-files --stage -- /home/william/Documentos/enderecosAlunosAPI/src/graphql/graphql.module.ts
> git show :src/app.module.ts
> git ls-files --stage -- /home/william/Documentos/enderecosAlunosAPI/src/app.module.ts
> git cat-file -s 9367028396501f5fe0b313f3d1c6e7fa2a6ffa49
> git show :src/graphql/graphql.module.ts
> git ls-files --stage -- /home/william/Documentos/enderecosAlunosAPI/src/graphql/graphql.module.ts
> git show :src/app.module.ts
> git ls-files --stage -- /home/william/Documentos/enderecosAlunosAPI/src/app.module.ts
> git cat-file -s 9367028396501f5fe0b313f3d1c6e7fa2a6ffa49
> git status -z -u
> git symbolic-ref --short HEAD
> git rev-parse feature/graphql
> git rev-parse --symbolic-full-name feature/graphql@{u}
> git rev-list --left-right feature/graphql...refs/remotes/origin/feature/graphql
> git for-each-ref --format %(refname) %(objectname) --sort -committerdate
> git remote --verbose
> git config --get commit.template
> git status -z -u
> git symbolic-ref --short HEAD
> git rev-parse feature/graphql
> git rev-parse --symbolic-full-name feature/graphql@{u}
> git rev-list --left-right feature/graphql...refs/remotes/origin/feature/graphql
> git for-each-ref --format %(refname) %(objectname) --sort -committerdate
> git remote --verbose
> git config --get commit.template
> git show :src/graphql/graphql.module.ts
> git ls-files --stage -- /home/william/Documentos/enderecosAlunosAPI/src/graphql/graphql.module.ts
> git status -z -u
> git symbolic-ref --short HEAD
> git rev-parse feature/graphql
> git rev-parse --symbolic-full-name feature/graphql@{u}
> git rev-list --left-right feature/graphql...refs/remotes/origin/feature/graphql
> git for-each-ref --format %(refname) %(objectname) --sort -committerdate
> git remote --verbose
> git config --get commit.template
> git status -z -u
> git symbolic-ref --short HEAD
> git rev-parse feature/graphql
> git rev-parse --symbolic-full-name feature/graphql@{u}
> git rev-list --left-right feature/graphql...refs/remotes/origin/feature/graphql
> git for-each-ref --format %(refname) %(objectname) --sort -committerdate
> git remote --verbose
> git config --get commit.template
