[2020-05-09 12:03:53.398] [exthost] [info] extension host started
[2020-05-09 12:03:53.532] [exthost] [info] ExtensionService#_doActivateExtension vscode.debug-auto-launch {"startup":true,"extensionId":{"value":"vscode.debug-auto-launch","_lower":"vscode.debug-auto-launch"},"activationEvent":"*"}
[2020-05-09 12:03:53.536] [exthost] [info] ExtensionService#loadCommonJSModule file:///snap/code/32/usr/share/code/resources/app/extensions/debug-auto-launch/dist/extension
[2020-05-09 12:03:53.805] [exthost] [info] ExtensionService#_doActivateExtension vscode.emmet {"startup":true,"extensionId":{"value":"vscode.emmet","_lower":"vscode.emmet"},"activationEvent":"*"}
[2020-05-09 12:03:53.805] [exthost] [info] ExtensionService#loadCommonJSModule file:///snap/code/32/usr/share/code/resources/app/extensions/emmet/dist/extension
[2020-05-09 12:03:54.034] [exthost] [info] ExtensionService#_doActivateExtension vscode.git {"startup":true,"extensionId":{"value":"vscode.git","_lower":"vscode.git"},"activationEvent":"*"}
[2020-05-09 12:03:54.034] [exthost] [info] ExtensionService#loadCommonJSModule file:///snap/code/32/usr/share/code/resources/app/extensions/git/dist/main
[2020-05-09 12:03:54.171] [exthost] [info] ExtensionService#_doActivateExtension vscode.github-authentication {"startup":true,"extensionId":{"value":"vscode.github-authentication","_lower":"vscode.github-authentication"},"activationEvent":"*"}
[2020-05-09 12:03:54.171] [exthost] [info] ExtensionService#loadCommonJSModule file:///snap/code/32/usr/share/code/resources/app/extensions/github-authentication/dist/extension.js
[2020-05-09 12:03:54.202] [exthost] [info] ExtensionService#_doActivateExtension vscode.merge-conflict {"startup":true,"extensionId":{"value":"vscode.merge-conflict","_lower":"vscode.merge-conflict"},"activationEvent":"*"}
[2020-05-09 12:03:54.202] [exthost] [info] ExtensionService#loadCommonJSModule file:///snap/code/32/usr/share/code/resources/app/extensions/merge-conflict/dist/extension
[2020-05-09 12:03:54.291] [exthost] [info] ExtensionService#_doActivateExtension vscode.search-result {"startup":true,"extensionId":{"value":"vscode.search-result","_lower":"vscode.search-result"},"activationEvent":"*"}
[2020-05-09 12:03:54.291] [exthost] [info] ExtensionService#loadCommonJSModule file:///snap/code/32/usr/share/code/resources/app/extensions/search-result/dist/extension.js
[2020-05-09 12:03:54.354] [exthost] [info] ExtensionService#_doActivateExtension vscode.vscode-account {"startup":true,"extensionId":{"value":"vscode.vscode-account","_lower":"vscode.vscode-account"},"activationEvent":"*"}
[2020-05-09 12:03:54.354] [exthost] [info] ExtensionService#loadCommonJSModule file:///snap/code/32/usr/share/code/resources/app/extensions/vscode-account/dist/extension.js
[2020-05-09 12:03:54.415] [exthost] [info] ExtensionService#_doActivateExtension dbaeumer.vscode-eslint {"startup":true,"extensionId":{"value":"dbaeumer.vscode-eslint","_lower":"dbaeumer.vscode-eslint"},"activationEvent":"*"}
[2020-05-09 12:03:54.416] [exthost] [info] ExtensionService#loadCommonJSModule file:///home/william/.vscode/extensions/dbaeumer.vscode-eslint-2.1.5/client/out/extension
[2020-05-09 12:03:54.496] [exthost] [info] ExtensionService#_doActivateExtension PKief.material-icon-theme {"startup":true,"extensionId":{"value":"PKief.material-icon-theme","_lower":"pkief.material-icon-theme"},"activationEvent":"*"}
[2020-05-09 12:03:54.497] [exthost] [info] ExtensionService#loadCommonJSModule file:///home/william/.vscode/extensions/pkief.material-icon-theme-4.1.0/dist/extension
[2020-05-09 12:03:54.537] [exthost] [info] ExtensionService#_doActivateExtension vscode.npm {"startup":true,"extensionId":{"value":"vscode.npm","_lower":"vscode.npm"},"activationEvent":"workspaceContains:package.json"}
[2020-05-09 12:03:54.537] [exthost] [info] ExtensionService#loadCommonJSModule file:///snap/code/32/usr/share/code/resources/app/extensions/npm/dist/main
[2020-05-09 12:03:56.490] [exthost] [info] eager extensions activated
[2020-05-09 12:06:10.048] [exthost] [info] ExtensionService#_doActivateExtension vscode.extension-editing {"startup":false,"extensionId":{"value":"vscode.extension-editing","_lower":"vscode.extension-editing"},"activationEvent":"onLanguage:typescript"}
[2020-05-09 12:06:10.048] [exthost] [info] ExtensionService#loadCommonJSModule file:///snap/code/32/usr/share/code/resources/app/extensions/extension-editing/dist/extension
[2020-05-09 12:06:10.559] [exthost] [info] ExtensionService#_doActivateExtension vscode.typescript-language-features {"startup":false,"extensionId":{"value":"vscode.typescript-language-features","_lower":"vscode.typescript-language-features"},"activationEvent":"onLanguage:typescript"}
[2020-05-09 12:06:10.559] [exthost] [info] ExtensionService#loadCommonJSModule file:///snap/code/32/usr/share/code/resources/app/extensions/typescript-language-features/dist/extension
[2020-05-09 12:07:07.040] [exthost] [info] ExtensionService#_doActivateExtension vscode.configuration-editing {"startup":false,"extensionId":{"value":"vscode.configuration-editing","_lower":"vscode.configuration-editing"},"activationEvent":"onLanguage:jsonc"}
[2020-05-09 12:07:07.040] [exthost] [info] ExtensionService#loadCommonJSModule file:///snap/code/32/usr/share/code/resources/app/extensions/configuration-editing/dist/extension
[2020-05-09 12:07:07.171] [exthost] [info] ExtensionService#_doActivateExtension vscode.json-language-features {"startup":false,"extensionId":{"value":"vscode.json-language-features","_lower":"vscode.json-language-features"},"activationEvent":"onLanguage:jsonc"}
[2020-05-09 12:07:07.171] [exthost] [info] ExtensionService#loadCommonJSModule file:///snap/code/32/usr/share/code/resources/app/extensions/json-language-features/client/dist/jsonMain
[2020-05-09 14:57:31.190] [exthost] [info] [vscode.typescript-language-features] UNSAVE result from 'resolveCompletionItem', extension SHOULD NOT change any of: additionalTextEdits, or command
[2020-05-09 15:08:16.033] [exthost] [error] [vscode.typescript-language-features] provider FAILED
[2020-05-09 15:08:16.039] [exthost] [error] Error: DisposableStore is missing...
	at U._convertCompletionItem (/snap/code/32/usr/share/code/resources/app/out/vs/workbench/services/extensions/node/extensionHostProcess.js:677:574)
	at U.resolveCompletionItem (/snap/code/32/usr/share/code/resources/app/out/vs/workbench/services/extensions/node/extensionHostProcess.js:677:354)
	at processTicksAndRejections (internal/process/task_queues.js:85:5)
[2020-05-09 15:14:39.717] [exthost] [info] ExtensionService#_doActivateExtension Prisma.vscode-graphql {"startup":false,"extensionId":{"value":"Prisma.vscode-graphql","_lower":"prisma.vscode-graphql"},"activationEvent":"onLanguage:graphql"}
[2020-05-09 15:14:39.718] [exthost] [info] ExtensionService#loadCommonJSModule file:///home/william/.vscode/extensions/prisma.vscode-graphql-0.2.14/out/extension
[2020-05-09 16:05:52.340] [exthost] [info] extension host started
[2020-05-09 16:05:52.478] [exthost] [info] ExtensionService#_doActivateExtension vscode.debug-auto-launch {"startup":true,"extensionId":{"value":"vscode.debug-auto-launch","_lower":"vscode.debug-auto-launch"},"activationEvent":"*"}
[2020-05-09 16:05:52.478] [exthost] [info] ExtensionService#loadCommonJSModule file:///snap/code/32/usr/share/code/resources/app/extensions/debug-auto-launch/dist/extension
[2020-05-09 16:05:52.509] [exthost] [info] ExtensionService#_doActivateExtension vscode.emmet {"startup":true,"extensionId":{"value":"vscode.emmet","_lower":"vscode.emmet"},"activationEvent":"*"}
[2020-05-09 16:05:52.509] [exthost] [info] ExtensionService#loadCommonJSModule file:///snap/code/32/usr/share/code/resources/app/extensions/emmet/dist/extension
[2020-05-09 16:05:52.573] [exthost] [info] ExtensionService#_doActivateExtension vscode.git {"startup":true,"extensionId":{"value":"vscode.git","_lower":"vscode.git"},"activationEvent":"*"}
[2020-05-09 16:05:52.573] [exthost] [info] ExtensionService#loadCommonJSModule file:///snap/code/32/usr/share/code/resources/app/extensions/git/dist/main
[2020-05-09 16:05:52.863] [exthost] [info] ExtensionService#_doActivateExtension vscode.merge-conflict {"startup":true,"extensionId":{"value":"vscode.merge-conflict","_lower":"vscode.merge-conflict"},"activationEvent":"*"}
[2020-05-09 16:05:52.863] [exthost] [info] ExtensionService#loadCommonJSModule file:///snap/code/32/usr/share/code/resources/app/extensions/merge-conflict/dist/extension
[2020-05-09 16:05:53.066] [exthost] [info] ExtensionService#_doActivateExtension vscode.search-result {"startup":true,"extensionId":{"value":"vscode.search-result","_lower":"vscode.search-result"},"activationEvent":"*"}
[2020-05-09 16:05:53.067] [exthost] [info] ExtensionService#loadCommonJSModule file:///snap/code/32/usr/share/code/resources/app/extensions/search-result/dist/extension.js
[2020-05-09 16:05:53.116] [exthost] [info] ExtensionService#_doActivateExtension vscode.vscode-account {"startup":true,"extensionId":{"value":"vscode.vscode-account","_lower":"vscode.vscode-account"},"activationEvent":"*"}
[2020-05-09 16:05:53.116] [exthost] [info] ExtensionService#loadCommonJSModule file:///snap/code/32/usr/share/code/resources/app/extensions/vscode-account/dist/extension.js
[2020-05-09 16:05:53.169] [exthost] [info] ExtensionService#_doActivateExtension dbaeumer.vscode-eslint {"startup":true,"extensionId":{"value":"dbaeumer.vscode-eslint","_lower":"dbaeumer.vscode-eslint"},"activationEvent":"*"}
[2020-05-09 16:05:53.169] [exthost] [info] ExtensionService#loadCommonJSModule file:///home/william/.vscode/extensions/dbaeumer.vscode-eslint-2.1.5/client/out/extension
[2020-05-09 16:05:53.262] [exthost] [info] ExtensionService#_doActivateExtension PKief.material-icon-theme {"startup":true,"extensionId":{"value":"PKief.material-icon-theme","_lower":"pkief.material-icon-theme"},"activationEvent":"*"}
[2020-05-09 16:05:53.262] [exthost] [info] ExtensionService#loadCommonJSModule file:///home/william/.vscode/extensions/pkief.material-icon-theme-4.1.0/dist/extension
[2020-05-09 16:05:53.363] [exthost] [info] ExtensionService#_doActivateExtension vscode.npm {"startup":true,"extensionId":{"value":"vscode.npm","_lower":"vscode.npm"},"activationEvent":"workspaceContains:package.json"}
[2020-05-09 16:05:53.363] [exthost] [info] ExtensionService#loadCommonJSModule file:///snap/code/32/usr/share/code/resources/app/extensions/npm/dist/main
[2020-05-09 16:05:53.867] [exthost] [info] eager extensions activated
[2020-05-09 16:06:21.929] [exthost] [info] extension host started
[2020-05-09 16:06:21.973] [exthost] [info] ExtensionService#_doActivateExtension vscode.debug-auto-launch {"startup":true,"extensionId":{"value":"vscode.debug-auto-launch","_lower":"vscode.debug-auto-launch"},"activationEvent":"*"}
[2020-05-09 16:06:21.973] [exthost] [info] ExtensionService#loadCommonJSModule file:///snap/code/32/usr/share/code/resources/app/extensions/debug-auto-launch/dist/extension
[2020-05-09 16:06:21.977] [exthost] [info] ExtensionService#_doActivateExtension vscode.emmet {"startup":true,"extensionId":{"value":"vscode.emmet","_lower":"vscode.emmet"},"activationEvent":"*"}
[2020-05-09 16:06:21.977] [exthost] [info] ExtensionService#loadCommonJSModule file:///snap/code/32/usr/share/code/resources/app/extensions/emmet/dist/extension
[2020-05-09 16:06:21.997] [exthost] [info] ExtensionService#_doActivateExtension vscode.merge-conflict {"startup":true,"extensionId":{"value":"vscode.merge-conflict","_lower":"vscode.merge-conflict"},"activationEvent":"*"}
[2020-05-09 16:06:21.998] [exthost] [info] ExtensionService#loadCommonJSModule file:///snap/code/32/usr/share/code/resources/app/extensions/merge-conflict/dist/extension
[2020-05-09 16:06:22.002] [exthost] [info] ExtensionService#_doActivateExtension vscode.search-result {"startup":true,"extensionId":{"value":"vscode.search-result","_lower":"vscode.search-result"},"activationEvent":"*"}
[2020-05-09 16:06:22.003] [exthost] [info] ExtensionService#loadCommonJSModule file:///snap/code/32/usr/share/code/resources/app/extensions/search-result/dist/extension.js
[2020-05-09 16:06:22.005] [exthost] [info] ExtensionService#_doActivateExtension vscode.vscode-account {"startup":true,"extensionId":{"value":"vscode.vscode-account","_lower":"vscode.vscode-account"},"activationEvent":"*"}
[2020-05-09 16:06:22.005] [exthost] [info] ExtensionService#loadCommonJSModule file:///snap/code/32/usr/share/code/resources/app/extensions/vscode-account/dist/extension.js
[2020-05-09 16:06:22.020] [exthost] [info] ExtensionService#_doActivateExtension dbaeumer.vscode-eslint {"startup":true,"extensionId":{"value":"dbaeumer.vscode-eslint","_lower":"dbaeumer.vscode-eslint"},"activationEvent":"*"}
[2020-05-09 16:06:22.021] [exthost] [info] ExtensionService#loadCommonJSModule file:///home/william/.vscode/extensions/dbaeumer.vscode-eslint-2.1.5/client/out/extension
[2020-05-09 16:06:22.031] [exthost] [info] ExtensionService#_doActivateExtension PKief.material-icon-theme {"startup":true,"extensionId":{"value":"PKief.material-icon-theme","_lower":"pkief.material-icon-theme"},"activationEvent":"*"}
[2020-05-09 16:06:22.031] [exthost] [info] ExtensionService#loadCommonJSModule file:///home/william/.vscode/extensions/pkief.material-icon-theme-4.1.0/dist/extension
[2020-05-09 16:06:22.043] [exthost] [info] ExtensionService#_doActivateExtension vscode.npm {"startup":true,"extensionId":{"value":"vscode.npm","_lower":"vscode.npm"},"activationEvent":"workspaceContains:package.json"}
[2020-05-09 16:06:22.043] [exthost] [info] ExtensionService#loadCommonJSModule file:///snap/code/32/usr/share/code/resources/app/extensions/npm/dist/main
[2020-05-09 16:06:22.420] [exthost] [info] eager extensions activated
[2020-05-09 16:06:43.892] [exthost] [info] ExtensionService#_doActivateExtension vscode.git {"startup":false,"extensionId":{"value":"vscode.git","_lower":"vscode.git"},"activationEvent":"*"}
[2020-05-09 16:06:43.892] [exthost] [info] ExtensionService#loadCommonJSModule file:///snap/code/32/usr/share/code/resources/app/extensions/git/dist/main
[2020-05-09 16:06:47.940] [exthost] [info] ExtensionService#_doActivateExtension vscode.github-authentication {"startup":false,"extensionId":{"value":"vscode.github-authentication","_lower":"vscode.github-authentication"},"activationEvent":"*"}
[2020-05-09 16:06:47.940] [exthost] [info] ExtensionService#loadCommonJSModule file:///snap/code/32/usr/share/code/resources/app/extensions/github-authentication/dist/extension.js
[2020-05-09 16:11:25.958] [exthost] [info] ExtensionService#_doActivateExtension vscode.extension-editing {"startup":false,"extensionId":{"value":"vscode.extension-editing","_lower":"vscode.extension-editing"},"activationEvent":"onLanguage:typescript"}
[2020-05-09 16:11:25.959] [exthost] [info] ExtensionService#loadCommonJSModule file:///snap/code/32/usr/share/code/resources/app/extensions/extension-editing/dist/extension
[2020-05-09 16:11:26.068] [exthost] [info] ExtensionService#_doActivateExtension vscode.typescript-language-features {"startup":false,"extensionId":{"value":"vscode.typescript-language-features","_lower":"vscode.typescript-language-features"},"activationEvent":"onLanguage:typescript"}
[2020-05-09 16:11:26.068] [exthost] [info] ExtensionService#loadCommonJSModule file:///snap/code/32/usr/share/code/resources/app/extensions/typescript-language-features/dist/extension
[2020-05-09 16:11:39.596] [exthost] [info] ExtensionService#_doActivateExtension vscode.configuration-editing {"startup":false,"extensionId":{"value":"vscode.configuration-editing","_lower":"vscode.configuration-editing"},"activationEvent":"onLanguage:jsonc"}
[2020-05-09 16:11:39.596] [exthost] [info] ExtensionService#loadCommonJSModule file:///snap/code/32/usr/share/code/resources/app/extensions/configuration-editing/dist/extension
[2020-05-09 16:11:39.653] [exthost] [info] ExtensionService#_doActivateExtension vscode.json-language-features {"startup":false,"extensionId":{"value":"vscode.json-language-features","_lower":"vscode.json-language-features"},"activationEvent":"onLanguage:jsonc"}
[2020-05-09 16:11:39.653] [exthost] [info] ExtensionService#loadCommonJSModule file:///snap/code/32/usr/share/code/resources/app/extensions/json-language-features/client/dist/jsonMain
[2020-05-09 16:12:48.359] [exthost] [info] [vscode.typescript-language-features] UNSAVE result from 'resolveCompletionItem', extension SHOULD NOT change any of: additionalTextEdits, or command
[2020-05-09 16:16:50.802] [exthost] [info] ExtensionService#_doActivateExtension Prisma.vscode-graphql {"startup":false,"extensionId":{"value":"Prisma.vscode-graphql","_lower":"prisma.vscode-graphql"},"activationEvent":"onLanguage:graphql"}
[2020-05-09 16:16:50.803] [exthost] [info] ExtensionService#loadCommonJSModule file:///home/william/.vscode/extensions/prisma.vscode-graphql-0.2.14/out/extension
[2020-05-09 16:34:46.280] [exthost] [info] extension host started
[2020-05-09 16:34:46.312] [exthost] [info] ExtensionService#_doActivateExtension vscode.extension-editing {"startup":false,"extensionId":{"value":"vscode.extension-editing","_lower":"vscode.extension-editing"},"activationEvent":"onLanguage:typescript"}
[2020-05-09 16:34:46.312] [exthost] [info] ExtensionService#loadCommonJSModule file:///snap/code/32/usr/share/code/resources/app/extensions/extension-editing/dist/extension
[2020-05-09 16:34:46.443] [exthost] [info] ExtensionService#_doActivateExtension vscode.typescript-language-features {"startup":false,"extensionId":{"value":"vscode.typescript-language-features","_lower":"vscode.typescript-language-features"},"activationEvent":"onLanguage:typescript"}
[2020-05-09 16:34:46.444] [exthost] [info] ExtensionService#loadCommonJSModule file:///snap/code/32/usr/share/code/resources/app/extensions/typescript-language-features/dist/extension
[2020-05-09 16:34:46.987] [exthost] [info] ExtensionService#_doActivateExtension vscode.debug-auto-launch {"startup":true,"extensionId":{"value":"vscode.debug-auto-launch","_lower":"vscode.debug-auto-launch"},"activationEvent":"*"}
[2020-05-09 16:34:46.987] [exthost] [info] ExtensionService#loadCommonJSModule file:///snap/code/32/usr/share/code/resources/app/extensions/debug-auto-launch/dist/extension
[2020-05-09 16:34:47.230] [exthost] [info] ExtensionService#_doActivateExtension vscode.emmet {"startup":true,"extensionId":{"value":"vscode.emmet","_lower":"vscode.emmet"},"activationEvent":"*"}
[2020-05-09 16:34:47.230] [exthost] [info] ExtensionService#loadCommonJSModule file:///snap/code/32/usr/share/code/resources/app/extensions/emmet/dist/extension
[2020-05-09 16:34:47.562] [exthost] [info] ExtensionService#_doActivateExtension vscode.git {"startup":true,"extensionId":{"value":"vscode.git","_lower":"vscode.git"},"activationEvent":"*"}
[2020-05-09 16:34:47.562] [exthost] [info] ExtensionService#loadCommonJSModule file:///snap/code/32/usr/share/code/resources/app/extensions/git/dist/main
[2020-05-09 16:34:47.826] [exthost] [info] ExtensionService#_doActivateExtension vscode.merge-conflict {"startup":true,"extensionId":{"value":"vscode.merge-conflict","_lower":"vscode.merge-conflict"},"activationEvent":"*"}
[2020-05-09 16:34:47.826] [exthost] [info] ExtensionService#loadCommonJSModule file:///snap/code/32/usr/share/code/resources/app/extensions/merge-conflict/dist/extension
[2020-05-09 16:34:48.020] [exthost] [info] ExtensionService#_doActivateExtension vscode.search-result {"startup":true,"extensionId":{"value":"vscode.search-result","_lower":"vscode.search-result"},"activationEvent":"*"}
[2020-05-09 16:34:48.020] [exthost] [info] ExtensionService#loadCommonJSModule file:///snap/code/32/usr/share/code/resources/app/extensions/search-result/dist/extension.js
[2020-05-09 16:34:48.072] [exthost] [info] ExtensionService#_doActivateExtension vscode.vscode-account {"startup":true,"extensionId":{"value":"vscode.vscode-account","_lower":"vscode.vscode-account"},"activationEvent":"*"}
[2020-05-09 16:34:48.073] [exthost] [info] ExtensionService#loadCommonJSModule file:///snap/code/32/usr/share/code/resources/app/extensions/vscode-account/dist/extension.js
[2020-05-09 16:34:48.362] [exthost] [info] ExtensionService#_doActivateExtension dbaeumer.vscode-eslint {"startup":true,"extensionId":{"value":"dbaeumer.vscode-eslint","_lower":"dbaeumer.vscode-eslint"},"activationEvent":"*"}
[2020-05-09 16:34:48.362] [exthost] [info] ExtensionService#loadCommonJSModule file:///home/william/.vscode/extensions/dbaeumer.vscode-eslint-2.1.5/client/out/extension
[2020-05-09 16:34:48.569] [exthost] [info] ExtensionService#_doActivateExtension PKief.material-icon-theme {"startup":true,"extensionId":{"value":"PKief.material-icon-theme","_lower":"pkief.material-icon-theme"},"activationEvent":"*"}
[2020-05-09 16:34:48.569] [exthost] [info] ExtensionService#loadCommonJSModule file:///home/william/.vscode/extensions/pkief.material-icon-theme-4.1.0/dist/extension
[2020-05-09 16:34:48.726] [exthost] [info] ExtensionService#_doActivateExtension vscode.npm {"startup":true,"extensionId":{"value":"vscode.npm","_lower":"vscode.npm"},"activationEvent":"workspaceContains:package.json"}
[2020-05-09 16:34:48.726] [exthost] [info] ExtensionService#loadCommonJSModule file:///snap/code/32/usr/share/code/resources/app/extensions/npm/dist/main
[2020-05-09 16:34:51.388] [exthost] [info] eager extensions activated
