Looking for git in: git
Using git 2.17.1 from git
> git rev-parse --show-toplevel
> git rev-parse --git-dir
Open repository: /home/william/Documentos/enderecosAlunosAPI
> git status -z -u
> git symbolic-ref --short HEAD
> git rev-parse develop
> git rev-parse --symbolic-full-name develop@{u}
> git rev-list --left-right develop...refs/remotes/origin/develop
> git for-each-ref --format %(refname) %(objectname) --sort -committerdate
> git remote --verbose
Failed to watch ref '/home/william/Documentos/enderecosAlunosAPI/.git/refs/remotes/origin/develop', is most likely packed.
Error: ENOENT: no such file or directory, watch '/home/william/Documentos/enderecosAlunosAPI/.git/refs/remotes/origin/develop'
	at FSWatcher.start (internal/fs/watchers.js:165:26)
	at Object.watch (fs.js:1270:11)
	at Object.t.watch (/snap/code/31/usr/share/code/resources/app/extensions/git/dist/main.js:1:598268)
	at T.updateTransientWatchers (/snap/code/31/usr/share/code/resources/app/extensions/git/dist/main.js:1:83870)
	at e.fire (/snap/code/31/usr/share/code/resources/app/out/vs/workbench/services/extensions/node/extensionHostProcess.js:48:517)
	at e.updateModelState (/snap/code/31/usr/share/code/resources/app/extensions/git/dist/main.js:1:102740)
> git config --get commit.template
> git check-ignore -v -z --stdin
