Looking for git in: git
Using git 2.17.1 from git
> git rev-parse --show-toplevel
> git rev-parse --git-dir
Open repository: /home/william/Documentos/SpaSaude
> git status -z -u
> git symbolic-ref --short HEAD
> git rev-parse feature/firebase_integration
> git rev-parse --symbolic-full-name feature/firebase_integration@{u}
fatal: no upstream configured for branch 'feature/firebase_integration'
> git for-each-ref --format %(refname) %(objectname) --sort -committerdate
> git remote --verbose
> git config --get commit.template
> git show :README.md
> git ls-files --stage -- /home/william/Documentos/SpaSaude/README.md
> git cat-file -s c730655c96a5fe89e333310dbc5d874371e02820
> git check-ignore -v -z --stdin
> git status -z -u
> git symbolic-ref --short HEAD
> git rev-parse feature/firebase_integration
> git rev-parse --symbolic-full-name feature/firebase_integration@{u}
> git rev-list --left-right feature/firebase_integration...refs/remotes/origin/feature/firebase_integration
> git for-each-ref --format %(refname) %(objectname) --sort -committerdate
> git remote --verbose
> git config --get commit.template
> git status -z -u
> git symbolic-ref --short HEAD
> git rev-parse feature/firebase_integration
> git rev-parse --symbolic-full-name feature/firebase_integration@{u}
> git rev-list --left-right feature/firebase_integration...refs/remotes/origin/feature/firebase_integration
> git for-each-ref --format %(refname) %(objectname) --sort -committerdate
> git remote --verbose
> git config --get commit.template
> git status -z -u
> git symbolic-ref --short HEAD
> git rev-parse feature/firebase_integration
> git rev-parse --symbolic-full-name feature/firebase_integration@{u}
> git rev-list --left-right feature/firebase_integration...refs/remotes/origin/feature/firebase_integration
> git for-each-ref --format %(refname) %(objectname) --sort -committerdate
> git remote --verbose
> git config --get commit.template
> git check-ignore -v -z --stdin
> git show :mobile/src/firebase.config.js
> git ls-files --stage -- /home/william/Documentos/SpaSaude/mobile/src/firebase.config.js
> git status -z -u
> git symbolic-ref --short HEAD
> git rev-parse feature/firebase_integration
> git rev-parse --symbolic-full-name feature/firebase_integration@{u}
> git rev-list --left-right feature/firebase_integration...refs/remotes/origin/feature/firebase_integration
> git for-each-ref --format %(refname) %(objectname) --sort -committerdate
> git remote --verbose
> git config --get commit.template
> git status -z -u
> git symbolic-ref --short HEAD
> git rev-parse feature/firebase_integration
> git rev-parse --symbolic-full-name feature/firebase_integration@{u}
> git rev-list --left-right feature/firebase_integration...refs/remotes/origin/feature/firebase_integration
> git for-each-ref --format %(refname) %(objectname) --sort -committerdate
> git remote --verbose
> git config --get commit.template
> git status -z -u
> git symbolic-ref --short HEAD
> git rev-parse feature/firebase_integration
> git rev-parse --symbolic-full-name feature/firebase_integration@{u}
> git rev-list --left-right feature/firebase_integration...refs/remotes/origin/feature/firebase_integration
> git for-each-ref --format %(refname) %(objectname) --sort -committerdate
> git remote --verbose
> git config --get commit.template
> git check-ignore -v -z --stdin
> git show :mobile/.expo/settings.json
> git ls-files --stage -- /home/william/Documentos/SpaSaude/mobile/.expo/settings.json
> git show :mobile/src/firebase.config.js
> git ls-files --stage -- /home/william/Documentos/SpaSaude/mobile/src/firebase.config.js
> git show :mobile/.expo/packager-info.json
> git ls-files --stage -- /home/william/Documentos/SpaSaude/mobile/.expo/packager-info.json
> git show :mobile/src/firebase.config.js
> git ls-files --stage -- /home/william/Documentos/SpaSaude/mobile/src/firebase.config.js
> git check-ignore -v -z --stdin
> git show :mobile/.expo-shared/assets.json
> git ls-files --stage -- /home/william/Documentos/SpaSaude/mobile/.expo-shared/assets.json
> git cat-file -s 17ad2288c6248bea0784728a2b944e217b40d937
> git show :mobile/src/firebase.config.js
> git ls-files --stage -- /home/william/Documentos/SpaSaude/mobile/src/firebase.config.js
> git show :mobile/.expo/packager-info.json
> git ls-files --stage -- /home/william/Documentos/SpaSaude/mobile/.expo/packager-info.json
> git show :mobile/.expo/settings.json
> git ls-files --stage -- /home/william/Documentos/SpaSaude/mobile/.expo/settings.json
> git show :mobile/src/firebase.config.js
> git ls-files --stage -- /home/william/Documentos/SpaSaude/mobile/src/firebase.config.js
> git show :mobile/babel.config.js
> git ls-files --stage -- /home/william/Documentos/SpaSaude/mobile/babel.config.js
> git cat-file -s 2900afe9d85a54cf9552ec0b4107665c5c10e078
> git show :mobile/app.json
> git ls-files --stage -- /home/william/Documentos/SpaSaude/mobile/app.json
> git cat-file -s 4d4994c3803536e5fe979ce35f9917a1bcc6794f
> git status -z -u
> git symbolic-ref --short HEAD
> git rev-parse feature/firebase_integration
> git rev-parse --symbolic-full-name feature/firebase_integration@{u}
> git rev-list --left-right feature/firebase_integration...refs/remotes/origin/feature/firebase_integration
> git for-each-ref --format %(refname) %(objectname) --sort -committerdate
> git remote --verbose
> git config --get commit.template
> git show :mobile/src/firebase.config.js
> git ls-files --stage -- /home/william/Documentos/SpaSaude/mobile/src/firebase.config.js
> git show :mobile/babel.config.js
> git ls-files --stage -- /home/william/Documentos/SpaSaude/mobile/babel.config.js
> git cat-file -s 2900afe9d85a54cf9552ec0b4107665c5c10e078
> git show :mobile/src/firebase.config.js
> git ls-files --stage -- /home/william/Documentos/SpaSaude/mobile/src/firebase.config.js
> git status -z -u
> git symbolic-ref --short HEAD
> git rev-parse feature/firebase_integration
> git rev-parse --symbolic-full-name feature/firebase_integration@{u}
> git rev-list --left-right feature/firebase_integration...refs/remotes/origin/feature/firebase_integration
> git for-each-ref --format %(refname) %(objectname) --sort -committerdate
> git remote --verbose
> git config --get commit.template
> git show :mobile/src/firebase.config.js
> git ls-files --stage -- /home/william/Documentos/SpaSaude/mobile/src/firebase.config.js
> git status -z -u
> git symbolic-ref --short HEAD
> git rev-parse feature/firebase_integration
> git rev-parse --symbolic-full-name feature/firebase_integration@{u}
> git rev-list --left-right feature/firebase_integration...refs/remotes/origin/feature/firebase_integration
> git for-each-ref --format %(refname) %(objectname) --sort -committerdate
> git remote --verbose
> git config --get commit.template
> git show :mobile/App.js
> git ls-files --stage -- /home/william/Documentos/SpaSaude/mobile/App.js
> git cat-file -s 3cc0b1ebac00002c44ab676ebb28c51c924a6678
> git status -z -u
> git symbolic-ref --short HEAD
> git rev-parse feature/firebase_integration
> git rev-parse --symbolic-full-name feature/firebase_integration@{u}
> git rev-list --left-right feature/firebase_integration...refs/remotes/origin/feature/firebase_integration
> git for-each-ref --format %(refname) %(objectname) --sort -committerdate
> git remote --verbose
> git config --get commit.template
> git show :mobile/src/firebase.config.js
> git ls-files --stage -- /home/william/Documentos/SpaSaude/mobile/src/firebase.config.js
> git show :mobile/App.js
> git ls-files --stage -- /home/william/Documentos/SpaSaude/mobile/App.js
> git cat-file -s 3cc0b1ebac00002c44ab676ebb28c51c924a6678
> git show :mobile/src/firebase.config.js
> git ls-files --stage -- /home/william/Documentos/SpaSaude/mobile/src/firebase.config.js
> git show :mobile/App.js
> git ls-files --stage -- /home/william/Documentos/SpaSaude/mobile/App.js
> git cat-file -s 3cc0b1ebac00002c44ab676ebb28c51c924a6678
> git show :mobile/src/firebase.config.js
> git ls-files --stage -- /home/william/Documentos/SpaSaude/mobile/src/firebase.config.js
> git show :mobile/App.js
> git ls-files --stage -- /home/william/Documentos/SpaSaude/mobile/App.js
> git cat-file -s 3cc0b1ebac00002c44ab676ebb28c51c924a6678
> git show :mobile/src/firebase.config.js
> git ls-files --stage -- /home/william/Documentos/SpaSaude/mobile/src/firebase.config.js
> git show :mobile/.gitignore
> git ls-files --stage -- /home/william/Documentos/SpaSaude/mobile/.gitignore
> git cat-file -s c409cf6af4c1a7536d4882150841476194230af9
> git check-ignore -v -z --stdin
> git show :mobile/App.js
> git ls-files --stage -- /home/william/Documentos/SpaSaude/mobile/App.js
> git cat-file -s 3cc0b1ebac00002c44ab676ebb28c51c924a6678
> git status -z -u
> git symbolic-ref --short HEAD
> git rev-parse feature/firebase_integration
> git rev-parse --symbolic-full-name feature/firebase_integration@{u}
> git rev-list --left-right feature/firebase_integration...refs/remotes/origin/feature/firebase_integration
> git for-each-ref --format %(refname) %(objectname) --sort -committerdate
> git remote --verbose
> git ls-files --stage -- /home/william/Documentos/SpaSaude/mobile/App.js
> git config --get commit.template
> git cat-file -s 433a6fa4ddd024f073133c7f2a9def0b16f2e322
> git show :mobile/App.js
> git status -z -u
> git symbolic-ref --short HEAD
> git rev-parse feature/firebase_integration
> git rev-parse --symbolic-full-name feature/firebase_integration@{u}
> git rev-list --left-right feature/firebase_integration...refs/remotes/origin/feature/firebase_integration
> git for-each-ref --format %(refname) %(objectname) --sort -committerdate
> git remote --verbose
> git config --get commit.template
> git ls-files --stage -- /home/william/Documentos/SpaSaude/mobile/App.js
> git cat-file -s 433a6fa4ddd024f073133c7f2a9def0b16f2e322
> git show :mobile/App.js
> git status -z -u
> git symbolic-ref --short HEAD
> git rev-parse feature/firebase_integration
> git rev-parse --symbolic-full-name feature/firebase_integration@{u}
> git rev-list --left-right feature/firebase_integration...refs/remotes/origin/feature/firebase_integration
> git for-each-ref --format %(refname) %(objectname) --sort -committerdate
> git remote --verbose
> git config --get commit.template
