Looking for git in: git
Using git 2.17.1 from git
> git rev-parse --show-toplevel
> git rev-parse --git-dir
Open repository: /home/william/Documentos/enderecosAlunosAPI
> git status -z -u
> git symbolic-ref --short HEAD
> git rev-parse feature/graphql
> git rev-parse --symbolic-full-name feature/graphql@{u}
> git rev-list --left-right feature/graphql...refs/remotes/origin/feature/graphql
> git for-each-ref --format %(refname) %(objectname) --sort -committerdate
> git remote --verbose
> git config --get commit.template
> git check-ignore -v -z --stdin
> git show :src/app.module.ts
> git ls-files --stage -- /home/william/Documentos/enderecosAlunosAPI/src/app.module.ts
> git cat-file -s 422c37739be05bcb52f0f39d04164020a2384080
> git status -z -u
> git symbolic-ref --short HEAD
> git rev-parse feature/graphql
> git rev-parse --symbolic-full-name feature/graphql@{u}
> git rev-list --left-right feature/graphql...refs/remotes/origin/feature/graphql
> git for-each-ref --format %(refname) %(objectname) --sort -committerdate
> git remote --verbose
> git config --get commit.template
> git status -z -u
> git symbolic-ref --short HEAD
> git rev-parse feature/graphql
> git rev-parse --symbolic-full-name feature/graphql@{u}
> git rev-list --left-right feature/graphql...refs/remotes/origin/feature/graphql
> git for-each-ref --format %(refname) %(objectname) --sort -committerdate
> git remote --verbose
> git config --get commit.template
> git status -z -u
> git symbolic-ref --short HEAD
> git rev-parse feature/graphql
> git rev-parse --symbolic-full-name feature/graphql@{u}
> git rev-list --left-right feature/graphql...refs/remotes/origin/feature/graphql
> git for-each-ref --format %(refname) %(objectname) --sort -committerdate
> git remote --verbose
> git config --get commit.template
> git status -z -u
> git symbolic-ref --short HEAD
> git rev-parse feature/graphql
> git rev-parse --symbolic-full-name feature/graphql@{u}
> git rev-list --left-right feature/graphql...refs/remotes/origin/feature/graphql
> git for-each-ref --format %(refname) %(objectname) --sort -committerdate
> git remote --verbose
> git config --get commit.template
> git show :package.json
> git ls-files --stage -- /home/william/Documentos/enderecosAlunosAPI/package.json
> git cat-file -s 8260d0ca0158d05897937de4f05674aa0824438c
> git show :src/app.module.ts
> git ls-files --stage -- /home/william/Documentos/enderecosAlunosAPI/src/app.module.ts
> git cat-file -s 422c37739be05bcb52f0f39d04164020a2384080
> git show :tsconfig.json
> git ls-files --stage -- /home/william/Documentos/enderecosAlunosAPI/tsconfig.json
> git cat-file -s 69f185fd9de8c2cb1ab8d2d6b753ec127b770c7e
> git status -z -u
> git symbolic-ref --short HEAD
> git rev-parse feature/graphql
> git rev-parse --symbolic-full-name feature/graphql@{u}
> git rev-list --left-right feature/graphql...refs/remotes/origin/feature/graphql
> git for-each-ref --format %(refname) %(objectname) --sort -committerdate
> git remote --verbose
> git config --get commit.template
> git show :src/app.module.ts
> git ls-files --stage -- /home/william/Documentos/enderecosAlunosAPI/src/app.module.ts
> git cat-file -s 422c37739be05bcb52f0f39d04164020a2384080
> git status -z -u
> git symbolic-ref --short HEAD
> git rev-parse feature/graphql
> git rev-parse --symbolic-full-name feature/graphql@{u}
> git rev-list --left-right feature/graphql...refs/remotes/origin/feature/graphql
> git for-each-ref --format %(refname) %(objectname) --sort -committerdate
> git remote --verbose
> git config --get commit.template
> git status -z -u
> git symbolic-ref --short HEAD
> git rev-parse feature/graphql
> git rev-parse --symbolic-full-name feature/graphql@{u}
> git rev-list --left-right feature/graphql...refs/remotes/origin/feature/graphql
> git for-each-ref --format %(refname) %(objectname) --sort -committerdate
> git remote --verbose
> git config --get commit.template
> git check-ignore -v -z --stdin
> git show :node_modules/@types/graphql-upload/node_modules/@types/express/index.d.ts
> git ls-files --stage -- /home/william/Documentos/enderecosAlunosAPI/node_modules/@types/graphql-upload/node_modules/@types/express/index.d.ts
> git check-ignore -v -z --stdin
> git check-ignore -v -z --stdin
> git show :node_modules/@types/express-serve-static-core/index.d.ts
> git ls-files --stage -- /home/william/Documentos/enderecosAlunosAPI/node_modules/@types/express-serve-static-core/index.d.ts
> git check-ignore -v -z --stdin
> git show :node_modules/@types/graphql-upload/node_modules/@types/express/index.d.ts
> git ls-files --stage -- /home/william/Documentos/enderecosAlunosAPI/node_modules/@types/graphql-upload/node_modules/@types/express/index.d.ts
> git show :node_modules/@types/express-serve-static-core/index.d.ts
> git ls-files --stage -- /home/william/Documentos/enderecosAlunosAPI/node_modules/@types/express-serve-static-core/index.d.ts
> git show :node_modules/@types/graphql-upload/node_modules/@types/express/index.d.ts
> git ls-files --stage -- /home/william/Documentos/enderecosAlunosAPI/node_modules/@types/graphql-upload/node_modules/@types/express/index.d.ts
> git show :node_modules/@types/express-serve-static-core/index.d.ts
> git ls-files --stage -- /home/william/Documentos/enderecosAlunosAPI/node_modules/@types/express-serve-static-core/index.d.ts
> git show :src/app.module.ts
> git ls-files --stage -- /home/william/Documentos/enderecosAlunosAPI/src/app.module.ts
> git cat-file -s 422c37739be05bcb52f0f39d04164020a2384080
> git check-ignore -v -z --stdin
> git status -z -u
> git symbolic-ref --short HEAD
> git rev-parse feature/graphql
> git rev-parse --symbolic-full-name feature/graphql@{u}
> git rev-list --left-right feature/graphql...refs/remotes/origin/feature/graphql
> git for-each-ref --format %(refname) %(objectname) --sort -committerdate
> git remote --verbose
> git config --get commit.template
> git status -z -u
> git symbolic-ref --short HEAD
> git rev-parse feature/graphql
> git rev-parse --symbolic-full-name feature/graphql@{u}
> git rev-list --left-right feature/graphql...refs/remotes/origin/feature/graphql
> git for-each-ref --format %(refname) %(objectname) --sort -committerdate
> git remote --verbose
> git config --get commit.template
> git status -z -u
> git symbolic-ref --short HEAD
> git rev-parse feature/graphql
> git rev-parse --symbolic-full-name feature/graphql@{u}
> git rev-list --left-right feature/graphql...refs/remotes/origin/feature/graphql
> git for-each-ref --format %(refname) %(objectname) --sort -committerdate
> git remote --verbose
> git config --get commit.template
> git status -z -u
> git symbolic-ref --short HEAD
> git rev-parse feature/graphql
> git rev-parse --symbolic-full-name feature/graphql@{u}
> git rev-list --left-right feature/graphql...refs/remotes/origin/feature/graphql
> git for-each-ref --format %(refname) %(objectname) --sort -committerdate
> git remote --verbose
> git config --get commit.template
> git status -z -u
> git symbolic-ref --short HEAD
> git rev-parse feature/graphql
> git rev-parse --symbolic-full-name feature/graphql@{u}
> git rev-list --left-right feature/graphql...refs/remotes/origin/feature/graphql
> git for-each-ref --format %(refname) %(objectname) --sort -committerdate
> git remote --verbose
> git config --get commit.template
> git status -z -u
> git symbolic-ref --short HEAD
> git rev-parse feature/graphql
> git rev-parse --symbolic-full-name feature/graphql@{u}
> git rev-list --left-right feature/graphql...refs/remotes/origin/feature/graphql
> git for-each-ref --format %(refname) %(objectname) --sort -committerdate
> git remote --verbose
> git config --get commit.template
> git status -z -u
> git symbolic-ref --short HEAD
> git rev-parse feature/graphql
> git rev-parse --symbolic-full-name feature/graphql@{u}
> git rev-list --left-right feature/graphql...refs/remotes/origin/feature/graphql
> git for-each-ref --format %(refname) %(objectname) --sort -committerdate
> git remote --verbose
> git config --get commit.template
> git status -z -u
> git symbolic-ref --short HEAD
> git rev-parse feature/graphql
> git rev-parse --symbolic-full-name feature/graphql@{u}
> git rev-list --left-right feature/graphql...refs/remotes/origin/feature/graphql
> git for-each-ref --format %(refname) %(objectname) --sort -committerdate
> git remote --verbose
> git config --get commit.template
> git status -z -u
> git symbolic-ref --short HEAD
> git rev-parse feature/graphql
> git rev-parse --symbolic-full-name feature/graphql@{u}
> git rev-list --left-right feature/graphql...refs/remotes/origin/feature/graphql
> git for-each-ref --format %(refname) %(objectname) --sort -committerdate
> git remote --verbose
> git config --get commit.template
> git status -z -u
> git symbolic-ref --short HEAD
> git rev-parse feature/graphql
> git rev-parse --symbolic-full-name feature/graphql@{u}
> git rev-list --left-right feature/graphql...refs/remotes/origin/feature/graphql
> git for-each-ref --format %(refname) %(objectname) --sort -committerdate
> git remote --verbose
> git config --get commit.template
> git check-ignore -v -z --stdin
> git show :node_modules/@types/express/index.d.ts
> git ls-files --stage -- /home/william/Documentos/enderecosAlunosAPI/node_modules/@types/express/index.d.ts
> git check-ignore -v -z --stdin
> git show :src/app.module.ts
> git ls-files --stage -- /home/william/Documentos/enderecosAlunosAPI/src/app.module.ts
> git cat-file -s 422c37739be05bcb52f0f39d04164020a2384080
> git show :node_modules/@types/express/index.d.ts
> git ls-files --stage -- /home/william/Documentos/enderecosAlunosAPI/node_modules/@types/express/index.d.ts
> git status -z -u
> git symbolic-ref --short HEAD
> git rev-parse feature/graphql
> git rev-parse --symbolic-full-name feature/graphql@{u}
> git rev-list --left-right feature/graphql...refs/remotes/origin/feature/graphql
> git for-each-ref --format %(refname) %(objectname) --sort -committerdate
> git remote --verbose
> git config --get commit.template
> git status -z -u
> git symbolic-ref --short HEAD
> git rev-parse feature/graphql
> git rev-parse --symbolic-full-name feature/graphql@{u}
> git rev-list --left-right feature/graphql...refs/remotes/origin/feature/graphql
> git for-each-ref --format %(refname) %(objectname) --sort -committerdate
> git remote --verbose
> git config --get commit.template
> git status -z -u
> git symbolic-ref --short HEAD
> git rev-parse feature/graphql
> git rev-parse --symbolic-full-name feature/graphql@{u}
> git rev-list --left-right feature/graphql...refs/remotes/origin/feature/graphql
> git for-each-ref --format %(refname) %(objectname) --sort -committerdate
> git remote --verbose
> git config --get commit.template
> git status -z -u
> git symbolic-ref --short HEAD
> git rev-parse feature/graphql
> git rev-parse --symbolic-full-name feature/graphql@{u}
> git rev-list --left-right feature/graphql...refs/remotes/origin/feature/graphql
> git for-each-ref --format %(refname) %(objectname) --sort -committerdate
> git remote --verbose
> git config --get commit.template
> git status -z -u
> git symbolic-ref --short HEAD
> git rev-parse feature/graphql
> git rev-parse --symbolic-full-name feature/graphql@{u}
> git rev-list --left-right feature/graphql...refs/remotes/origin/feature/graphql
> git for-each-ref --format %(refname) %(objectname) --sort -committerdate
> git remote --verbose
> git ls-files --stage -- /home/william/Documentos/enderecosAlunosAPI/node_modules/@types/express/index.d.ts
> git config --get commit.template
> git show :node_modules/@types/express/index.d.ts
> git status -z -u
> git symbolic-ref --short HEAD
> git rev-parse feature/graphql
> git rev-parse --symbolic-full-name feature/graphql@{u}
> git rev-list --left-right feature/graphql...refs/remotes/origin/feature/graphql
> git for-each-ref --format %(refname) %(objectname) --sort -committerdate
> git remote --verbose
> git config --get commit.template
> git ls-files --stage -- /home/william/Documentos/enderecosAlunosAPI/node_modules/@types/express/index.d.ts
> git show :node_modules/@types/express/index.d.ts
> git check-ignore -v -z --stdin
> git status -z -u
> git symbolic-ref --short HEAD
> git rev-parse feature/graphql
> git rev-parse --symbolic-full-name feature/graphql@{u}
> git rev-list --left-right feature/graphql...refs/remotes/origin/feature/graphql
> git for-each-ref --format %(refname) %(objectname) --sort -committerdate
> git remote --verbose
> git config --get commit.template
> git show :src/app.module.ts
> git ls-files --stage -- /home/william/Documentos/enderecosAlunosAPI/src/app.module.ts
> git cat-file -s 422c37739be05bcb52f0f39d04164020a2384080
> git status -z -u
> git symbolic-ref --short HEAD
> git rev-parse feature/graphql
> git rev-parse --symbolic-full-name feature/graphql@{u}
> git rev-list --left-right feature/graphql...refs/remotes/origin/feature/graphql
> git for-each-ref --format %(refname) %(objectname) --sort -committerdate
> git remote --verbose
> git config --get commit.template
> git status -z -u
> git symbolic-ref --short HEAD
> git rev-parse feature/graphql
> git rev-parse --symbolic-full-name feature/graphql@{u}
> git rev-list --left-right feature/graphql...refs/remotes/origin/feature/graphql
> git for-each-ref --format %(refname) %(objectname) --sort -committerdate
> git remote --verbose
> git config --get commit.template
> git status -z -u
> git symbolic-ref --short HEAD
> git rev-parse feature/graphql
> git rev-parse --symbolic-full-name feature/graphql@{u}
> git rev-list --left-right feature/graphql...refs/remotes/origin/feature/graphql
> git for-each-ref --format %(refname) %(objectname) --sort -committerdate
> git remote --verbose
> git config --get commit.template
> git status -z -u
> git symbolic-ref --short HEAD
> git rev-parse develop
> git rev-parse --symbolic-full-name develop@{u}
> git rev-list --left-right develop...refs/remotes/origin/develop
> git for-each-ref --format %(refname) %(objectname) --sort -committerdate
> git remote --verbose
Failed to watch ref '/home/william/Documentos/enderecosAlunosAPI/.git/refs/remotes/origin/develop', is most likely packed.
Error: ENOENT: no such file or directory, watch '/home/william/Documentos/enderecosAlunosAPI/.git/refs/remotes/origin/develop'
	at FSWatcher.start (internal/fs/watchers.js:165:26)
	at Object.watch (fs.js:1270:11)
	at Object.t.watch (/snap/code/32/usr/share/code/resources/app/extensions/git/dist/main.js:1:604919)
	at T.updateTransientWatchers (/snap/code/32/usr/share/code/resources/app/extensions/git/dist/main.js:1:83965)
	at e.fire (/snap/code/32/usr/share/code/resources/app/out/vs/workbench/services/extensions/node/extensionHostProcess.js:46:87)
	at e.updateModelState (/snap/code/32/usr/share/code/resources/app/extensions/git/dist/main.js:1:103179)
> git config --get commit.template
> git ls-files --stage -- /home/william/Documentos/enderecosAlunosAPI/src/app.module.ts
> git cat-file -s 422c37739be05bcb52f0f39d04164020a2384080
> git show :src/app.module.ts
> git status -z -u
> git symbolic-ref --short HEAD
> git rev-parse develop
> git rev-parse --symbolic-full-name develop@{u}
> git rev-list --left-right develop...refs/remotes/origin/develop
> git for-each-ref --format %(refname) %(objectname) --sort -committerdate
> git remote --verbose
Failed to watch ref '/home/william/Documentos/enderecosAlunosAPI/.git/refs/remotes/origin/develop', is most likely packed.
Error: ENOENT: no such file or directory, watch '/home/william/Documentos/enderecosAlunosAPI/.git/refs/remotes/origin/develop'
	at FSWatcher.start (internal/fs/watchers.js:165:26)
	at Object.watch (fs.js:1270:11)
	at Object.t.watch (/snap/code/32/usr/share/code/resources/app/extensions/git/dist/main.js:1:604919)
	at T.updateTransientWatchers (/snap/code/32/usr/share/code/resources/app/extensions/git/dist/main.js:1:83965)
	at e.fire (/snap/code/32/usr/share/code/resources/app/out/vs/workbench/services/extensions/node/extensionHostProcess.js:46:87)
	at e.updateModelState (/snap/code/32/usr/share/code/resources/app/extensions/git/dist/main.js:1:103179)
> git config --get commit.template
> git status -z -u
> git ls-files --stage -- /home/william/Documentos/enderecosAlunosAPI/src/app.module.ts
> git symbolic-ref --short HEAD
> git cat-file -s 422c37739be05bcb52f0f39d04164020a2384080
> git rev-parse develop
> git rev-parse --symbolic-full-name develop@{u}
> git show :src/app.module.ts
> git rev-list --left-right develop...refs/remotes/origin/develop
> git for-each-ref --format %(refname) %(objectname) --sort -committerdate
> git remote --verbose
Failed to watch ref '/home/william/Documentos/enderecosAlunosAPI/.git/refs/remotes/origin/develop', is most likely packed.
Error: ENOENT: no such file or directory, watch '/home/william/Documentos/enderecosAlunosAPI/.git/refs/remotes/origin/develop'
	at FSWatcher.start (internal/fs/watchers.js:165:26)
	at Object.watch (fs.js:1270:11)
	at Object.t.watch (/snap/code/32/usr/share/code/resources/app/extensions/git/dist/main.js:1:604919)
	at T.updateTransientWatchers (/snap/code/32/usr/share/code/resources/app/extensions/git/dist/main.js:1:83965)
	at e.fire (/snap/code/32/usr/share/code/resources/app/out/vs/workbench/services/extensions/node/extensionHostProcess.js:46:87)
	at e.updateModelState (/snap/code/32/usr/share/code/resources/app/extensions/git/dist/main.js:1:103179)
> git config --get commit.template
> git status -z -u
> git symbolic-ref --short HEAD
> git rev-parse master
> git rev-parse --symbolic-full-name master@{u}
> git rev-list --left-right master...refs/remotes/origin/master
> git for-each-ref --format %(refname) %(objectname) --sort -committerdate
> git remote --verbose
Failed to watch ref '/home/william/Documentos/enderecosAlunosAPI/.git/refs/remotes/origin/master', is most likely packed.
Error: ENOENT: no such file or directory, watch '/home/william/Documentos/enderecosAlunosAPI/.git/refs/remotes/origin/master'
	at FSWatcher.start (internal/fs/watchers.js:165:26)
	at Object.watch (fs.js:1270:11)
	at Object.t.watch (/snap/code/32/usr/share/code/resources/app/extensions/git/dist/main.js:1:604919)
	at T.updateTransientWatchers (/snap/code/32/usr/share/code/resources/app/extensions/git/dist/main.js:1:83965)
	at e.fire (/snap/code/32/usr/share/code/resources/app/out/vs/workbench/services/extensions/node/extensionHostProcess.js:46:87)
	at e.updateModelState (/snap/code/32/usr/share/code/resources/app/extensions/git/dist/main.js:1:103179)
> git ls-files --stage -- /home/william/Documentos/enderecosAlunosAPI/src/app.module.ts
> git config --get commit.template
> git cat-file -s 422c37739be05bcb52f0f39d04164020a2384080
> git show :src/app.module.ts
> git status -z -u
> git symbolic-ref --short HEAD
> git rev-parse feature/graphql
> git rev-parse --symbolic-full-name feature/graphql@{u}
> git rev-list --left-right feature/graphql...refs/remotes/origin/feature/graphql
> git for-each-ref --format %(refname) %(objectname) --sort -committerdate
> git remote --verbose
> git config --get commit.template
> git ls-files --stage -- /home/william/Documentos/enderecosAlunosAPI/src/app.module.ts
> git cat-file -s 422c37739be05bcb52f0f39d04164020a2384080
> git show :src/app.module.ts
> git ls-files --stage -- /home/william/Documentos/enderecosAlunosAPI/src/app.module.ts
> git cat-file -s 422c37739be05bcb52f0f39d04164020a2384080
> git show :src/app.module.ts
> git status -z -u
> git symbolic-ref --short HEAD
> git rev-parse feature/graphql
> git rev-parse --symbolic-full-name feature/graphql@{u}
> git rev-list --left-right feature/graphql...refs/remotes/origin/feature/graphql
> git for-each-ref --format %(refname) %(objectname) --sort -committerdate
> git remote --verbose
> git config --get commit.template
> git status -z -u
> git symbolic-ref --short HEAD
> git rev-parse feature/graphql
> git rev-parse --symbolic-full-name feature/graphql@{u}
> git rev-list --left-right feature/graphql...refs/remotes/origin/feature/graphql
> git for-each-ref --format %(refname) %(objectname) --sort -committerdate
> git remote --verbose
> git config --get commit.template
> git status -z -u
> git symbolic-ref --short HEAD
> git rev-parse feature/graphql
> git rev-parse --symbolic-full-name feature/graphql@{u}
> git rev-list --left-right feature/graphql...refs/remotes/origin/feature/graphql
> git for-each-ref --format %(refname) %(objectname) --sort -committerdate
> git remote --verbose
> git config --get commit.template
> git status -z -u
> git symbolic-ref --short HEAD
> git rev-parse feature/graphql
> git rev-parse --symbolic-full-name feature/graphql@{u}
> git rev-list --left-right feature/graphql...refs/remotes/origin/feature/graphql
> git for-each-ref --format %(refname) %(objectname) --sort -committerdate
> git remote --verbose
> git config --get commit.template
> git status -z -u
> git symbolic-ref --short HEAD
> git rev-parse feature/graphql
> git rev-parse --symbolic-full-name feature/graphql@{u}
> git rev-list --left-right feature/graphql...refs/remotes/origin/feature/graphql
> git for-each-ref --format %(refname) %(objectname) --sort -committerdate
> git remote --verbose
> git config --get commit.template
> git show :tsconfig.json
> git ls-files --stage -- /home/william/Documentos/enderecosAlunosAPI/tsconfig.json
> git cat-file -s 69f185fd9de8c2cb1ab8d2d6b753ec127b770c7e
> git status -z -u
> git symbolic-ref --short HEAD
> git rev-parse feature/graphql
> git rev-parse --symbolic-full-name feature/graphql@{u}
> git rev-list --left-right feature/graphql...refs/remotes/origin/feature/graphql
> git for-each-ref --format %(refname) %(objectname) --sort -committerdate
> git remote --verbose
> git config --get commit.template
> git status -z -u
> git symbolic-ref --short HEAD
> git rev-parse feature/graphql
> git rev-parse --symbolic-full-name feature/graphql@{u}
> git rev-list --left-right feature/graphql...refs/remotes/origin/feature/graphql
> git for-each-ref --format %(refname) %(objectname) --sort -committerdate
> git remote --verbose
> git config --get commit.template
> git show :src/app.module.ts
> git ls-files --stage -- /home/william/Documentos/enderecosAlunosAPI/src/app.module.ts
> git cat-file -s 422c37739be05bcb52f0f39d04164020a2384080
> git status -z -u
> git symbolic-ref --short HEAD
> git rev-parse feature/graphql
> git rev-parse --symbolic-full-name feature/graphql@{u}
> git rev-list --left-right feature/graphql...refs/remotes/origin/feature/graphql
> git for-each-ref --format %(refname) %(objectname) --sort -committerdate
> git remote --verbose
> git config --get commit.template
> git status -z -u
> git symbolic-ref --short HEAD
> git rev-parse feature/graphql
> git rev-parse --symbolic-full-name feature/graphql@{u}
> git rev-list --left-right feature/graphql...refs/remotes/origin/feature/graphql
> git for-each-ref --format %(refname) %(objectname) --sort -committerdate
> git remote --verbose
> git config --get commit.template
> git status -z -u
> git symbolic-ref --short HEAD
> git rev-parse feature/graphql
> git rev-parse --symbolic-full-name feature/graphql@{u}
> git rev-list --left-right feature/graphql...refs/remotes/origin/feature/graphql
> git for-each-ref --format %(refname) %(objectname) --sort -committerdate
> git remote --verbose
> git config --get commit.template
> git status -z -u
> git symbolic-ref --short HEAD
> git rev-parse feature/graphql
> git rev-parse --symbolic-full-name feature/graphql@{u}
> git rev-list --left-right feature/graphql...refs/remotes/origin/feature/graphql
> git for-each-ref --format %(refname) %(objectname) --sort -committerdate
> git remote --verbose
> git config --get commit.template
> git show :package.json
> git ls-files --stage -- /home/william/Documentos/enderecosAlunosAPI/package.json
> git cat-file -s 8260d0ca0158d05897937de4f05674aa0824438c
> git status -z -u
> git symbolic-ref --short HEAD
> git rev-parse feature/graphql
> git rev-parse --symbolic-full-name feature/graphql@{u}
> git rev-list --left-right feature/graphql...refs/remotes/origin/feature/graphql
> git for-each-ref --format %(refname) %(objectname) --sort -committerdate
> git remote --verbose
> git config --get commit.template
> git show :src/app.module.ts
> git ls-files --stage -- /home/william/Documentos/enderecosAlunosAPI/src/app.module.ts
> git cat-file -s 422c37739be05bcb52f0f39d04164020a2384080
> git status -z -u
> git symbolic-ref --short HEAD
> git rev-parse feature/graphql
> git rev-parse --symbolic-full-name feature/graphql@{u}
> git rev-list --left-right feature/graphql...refs/remotes/origin/feature/graphql
> git for-each-ref --format %(refname) %(objectname) --sort -committerdate
> git remote --verbose
> git config --get commit.template
> git show :package.json
> git ls-files --stage -- /home/william/Documentos/enderecosAlunosAPI/package.json
> git cat-file -s 8260d0ca0158d05897937de4f05674aa0824438c
> git status -z -u
> git symbolic-ref --short HEAD
> git rev-parse feature/graphql
> git rev-parse --symbolic-full-name feature/graphql@{u}
> git rev-list --left-right feature/graphql...refs/remotes/origin/feature/graphql
> git for-each-ref --format %(refname) %(objectname) --sort -committerdate
> git remote --verbose
> git config --get commit.template
> git show :src/app.module.ts
> git ls-files --stage -- /home/william/Documentos/enderecosAlunosAPI/src/app.module.ts
> git cat-file -s 422c37739be05bcb52f0f39d04164020a2384080
> git show :yarn.lock
> git ls-files --stage -- /home/william/Documentos/enderecosAlunosAPI/yarn.lock
> git cat-file -s b2041c69dfa83b82c0b46c0b8945ad87fffc6fa6
> git status -z -u
> git symbolic-ref --short HEAD
> git rev-parse feature/graphql
> git rev-parse --symbolic-full-name feature/graphql@{u}
> git rev-list --left-right feature/graphql...refs/remotes/origin/feature/graphql
> git for-each-ref --format %(refname) %(objectname) --sort -committerdate
> git remote --verbose
> git config --get commit.template
> git show :src/app.module.ts
> git ls-files --stage -- /home/william/Documentos/enderecosAlunosAPI/src/app.module.ts
> git cat-file -s 422c37739be05bcb52f0f39d04164020a2384080
> git status -z -u
> git symbolic-ref --short HEAD
> git rev-parse feature/graphql
> git rev-parse --symbolic-full-name feature/graphql@{u}
> git rev-list --left-right feature/graphql...refs/remotes/origin/feature/graphql
> git for-each-ref --format %(refname) %(objectname) --sort -committerdate
> git remote --verbose
> git config --get commit.template
> git status -z -u
> git symbolic-ref --short HEAD
> git rev-parse feature/graphql
> git rev-parse --symbolic-full-name feature/graphql@{u}
> git rev-list --left-right feature/graphql...refs/remotes/origin/feature/graphql
> git for-each-ref --format %(refname) %(objectname) --sort -committerdate
> git remote --verbose
> git config --get commit.template
> git status -z -u
> git symbolic-ref --short HEAD
> git rev-parse feature/graphql
> git rev-parse --symbolic-full-name feature/graphql@{u}
> git rev-list --left-right feature/graphql...refs/remotes/origin/feature/graphql
> git for-each-ref --format %(refname) %(objectname) --sort -committerdate
> git remote --verbose
> git config --get commit.template
> git show :package.json
> git ls-files --stage -- /home/william/Documentos/enderecosAlunosAPI/package.json
> git cat-file -s 8260d0ca0158d05897937de4f05674aa0824438c
> git show :src/app.module.ts
> git ls-files --stage -- /home/william/Documentos/enderecosAlunosAPI/src/app.module.ts
> git cat-file -s 422c37739be05bcb52f0f39d04164020a2384080
> git check-ignore -v -z --stdin
> git show :src/alunos/aluno.entity.ts
> git ls-files --stage -- /home/william/Documentos/enderecosAlunosAPI/src/alunos/aluno.entity.ts
> git cat-file -s b83ccddb5f33fea512c3782a0beb83d36d1ec57c
> git check-ignore -v -z --stdin
> git show :src/alunos/dao/alunomodel.dao.ts
> git ls-files --stage -- /home/william/Documentos/enderecosAlunosAPI/src/alunos/dao/alunomodel.dao.ts
> git cat-file -s aba6f7c873ded8142775efdd8b6cc4ab99fe04e7
> git show :src/app.module.ts
> git ls-files --stage -- /home/william/Documentos/enderecosAlunosAPI/src/app.module.ts
> git cat-file -s 422c37739be05bcb52f0f39d04164020a2384080
> git show :src/alunos/aluno.entity.ts
> git ls-files --stage -- /home/william/Documentos/enderecosAlunosAPI/src/alunos/aluno.entity.ts
> git cat-file -s b83ccddb5f33fea512c3782a0beb83d36d1ec57c
> git status -z -u
> git symbolic-ref --short HEAD
> git rev-parse feature/graphql
> git rev-parse --symbolic-full-name feature/graphql@{u}
> git rev-list --left-right feature/graphql...refs/remotes/origin/feature/graphql
> git for-each-ref --format %(refname) %(objectname) --sort -committerdate
> git remote --verbose
> git config --get commit.template
> git status -z -u
> git symbolic-ref --short HEAD
> git rev-parse feature/graphql
> git rev-parse --symbolic-full-name feature/graphql@{u}
> git rev-list --left-right feature/graphql...refs/remotes/origin/feature/graphql
> git for-each-ref --format %(refname) %(objectname) --sort -committerdate
> git remote --verbose
> git config --get commit.template
> git show :src/app.module.ts
> git ls-files --stage -- /home/william/Documentos/enderecosAlunosAPI/src/app.module.ts
> git cat-file -s 422c37739be05bcb52f0f39d04164020a2384080
> git status -z -u
> git symbolic-ref --short HEAD
> git rev-parse feature/graphql
> git rev-parse --symbolic-full-name feature/graphql@{u}
> git rev-list --left-right feature/graphql...refs/remotes/origin/feature/graphql
> git for-each-ref --format %(refname) %(objectname) --sort -committerdate
> git remote --verbose
> git config --get commit.template
> git status -z -u
> git symbolic-ref --short HEAD
> git rev-parse feature/graphql
> git rev-parse --symbolic-full-name feature/graphql@{u}
> git rev-list --left-right feature/graphql...refs/remotes/origin/feature/graphql
> git for-each-ref --format %(refname) %(objectname) --sort -committerdate
> git remote --verbose
> git config --get commit.template
> git status -z -u
> git symbolic-ref --short HEAD
> git rev-parse feature/graphql
> git rev-parse --symbolic-full-name feature/graphql@{u}
> git rev-list --left-right feature/graphql...refs/remotes/origin/feature/graphql
> git for-each-ref --format %(refname) %(objectname) --sort -committerdate
> git remote --verbose
> git config --get commit.template
> git status -z -u
> git symbolic-ref --short HEAD
> git rev-parse feature/graphql
> git rev-parse --symbolic-full-name feature/graphql@{u}
> git rev-list --left-right feature/graphql...refs/remotes/origin/feature/graphql
> git for-each-ref --format %(refname) %(objectname) --sort -committerdate
> git remote --verbose
> git config --get commit.template
> git show :src/schema.gql
> git ls-files --stage -- /home/william/Documentos/enderecosAlunosAPI/src/schema.gql
> git check-ignore -v -z --stdin
> git status -z -u
> git symbolic-ref --short HEAD
> git rev-parse feature/graphql
> git rev-parse --symbolic-full-name feature/graphql@{u}
> git rev-list --left-right feature/graphql...refs/remotes/origin/feature/graphql
> git for-each-ref --format %(refname) %(objectname) --sort -committerdate
> git remote --verbose
> git config --get commit.template
> git status -z -u
> git symbolic-ref --short HEAD
> git rev-parse feature/graphql
> git rev-parse --symbolic-full-name feature/graphql@{u}
> git rev-list --left-right feature/graphql...refs/remotes/origin/feature/graphql
> git for-each-ref --format %(refname) %(objectname) --sort -committerdate
> git remote --verbose
> git config --get commit.template
