Looking for git in: git
Using git 2.17.1 from git
> git rev-parse --show-toplevel
> git rev-parse --git-dir
Open repository: /home/william/Documentos/enderecosAlunosAPI
> git status -z -u
> git check-ignore -v -z --stdin
> git symbolic-ref --short HEAD
> git rev-parse feature/graphql
> git rev-parse --symbolic-full-name feature/graphql@{u}
> git rev-list --left-right feature/graphql...refs/remotes/origin/feature/graphql
> git for-each-ref --format %(refname) %(objectname) --sort -committerdate
> git remote --verbose
> git config --get commit.template
> git show :src/graphql/graphql.module.ts
> git ls-files --stage -- /home/william/Documentos/enderecosAlunosAPI/src/graphql/graphql.module.ts
> git cat-file -s 2cccb3139c608fbcfabac74da914a1132273fc3b
> git show :src/graphql/aluno.resolver.ts
> git ls-files --stage -- /home/william/Documentos/enderecosAlunosAPI/src/graphql/aluno.resolver.ts
> git cat-file -s cf11940f9a4db18d8647f0f93e266598304dba13
> git show :src/app.module.ts
> git ls-files --stage -- /home/william/Documentos/enderecosAlunosAPI/src/app.module.ts
> git cat-file -s 821ed316e19d970a9ba94df79f2e8318165fd92f
> git show :src/graphql/schema.gql
> git ls-files --stage -- /home/william/Documentos/enderecosAlunosAPI/src/graphql/schema.gql
> git cat-file -s c41d1d5aa223d9aa4b8afc390b78aa3624897429
> git status -z -u
> git symbolic-ref --short HEAD
> git rev-parse feature/graphql
> git rev-parse --symbolic-full-name feature/graphql@{u}
> git rev-list --left-right feature/graphql...refs/remotes/origin/feature/graphql
> git for-each-ref --format %(refname) %(objectname) --sort -committerdate
> git remote --verbose
> git config --get commit.template
> git show :src/graphql/graphql.module.ts
> git ls-files --stage -- /home/william/Documentos/enderecosAlunosAPI/src/graphql/graphql.module.ts
> git cat-file -s 2cccb3139c608fbcfabac74da914a1132273fc3b
> git check-ignore -v -z --stdin
> git show :node_modules/graphql/validation/validate.js
> git ls-files --stage -- /home/william/Documentos/enderecosAlunosAPI/node_modules/graphql/validation/validate.js
> git check-ignore -v -z --stdin
> git show :src/graphql/graphql.module.ts
> git ls-files --stage -- /home/william/Documentos/enderecosAlunosAPI/src/graphql/graphql.module.ts
> git cat-file -s 2cccb3139c608fbcfabac74da914a1132273fc3b
> git check-ignore -v -z --stdin
> git check-ignore -v -z --stdin
> git show :node_modules/graphql/utilities/buildASTSchema.js
> git ls-files --stage -- /home/william/Documentos/enderecosAlunosAPI/node_modules/graphql/utilities/buildASTSchema.js
> git check-ignore -v -z --stdin
> git show :src/graphql/graphql.module.ts
> git ls-files --stage -- /home/william/Documentos/enderecosAlunosAPI/src/graphql/graphql.module.ts
> git cat-file -s 2cccb3139c608fbcfabac74da914a1132273fc3b
> git check-ignore -v -z --stdin
> git check-ignore -v -z --stdin
> git show :node_modules/@nestjs/graphql/dist/graphql.factory.js
> git ls-files --stage -- /home/william/Documentos/enderecosAlunosAPI/node_modules/@nestjs/graphql/dist/graphql.factory.js
> git check-ignore -v -z --stdin
> git show :src/graphql/graphql.module.ts
> git ls-files --stage -- /home/william/Documentos/enderecosAlunosAPI/src/graphql/graphql.module.ts
> git cat-file -s 2cccb3139c608fbcfabac74da914a1132273fc3b
> git check-ignore -v -z --stdin
> git show :src/graphql/schema.gql
> git ls-files --stage -- /home/william/Documentos/enderecosAlunosAPI/src/graphql/schema.gql
> git cat-file -s c41d1d5aa223d9aa4b8afc390b78aa3624897429
> git status -z -u
> git symbolic-ref --short HEAD
> git rev-parse feature/graphql
> git rev-parse --symbolic-full-name feature/graphql@{u}
> git rev-list --left-right feature/graphql...refs/remotes/origin/feature/graphql
> git for-each-ref --format %(refname) %(objectname) --sort -committerdate
> git remote --verbose
> git config --get commit.template
> git show :src/graphql/graphql.module.ts
> git ls-files --stage -- /home/william/Documentos/enderecosAlunosAPI/src/graphql/graphql.module.ts
> git cat-file -s 2cccb3139c608fbcfabac74da914a1132273fc3b
> git show :src/graphql/schema.gql
> git ls-files --stage -- /home/william/Documentos/enderecosAlunosAPI/src/graphql/schema.gql
> git cat-file -s c41d1d5aa223d9aa4b8afc390b78aa3624897429
> git status -z -u
> git symbolic-ref --short HEAD
> git rev-parse feature/graphql
> git rev-parse --symbolic-full-name feature/graphql@{u}
> git rev-list --left-right feature/graphql...refs/remotes/origin/feature/graphql
> git for-each-ref --format %(refname) %(objectname) --sort -committerdate
> git remote --verbose
> git config --get commit.template
> git status -z -u
> git symbolic-ref --short HEAD
> git rev-parse feature/graphql
> git rev-parse --symbolic-full-name feature/graphql@{u}
> git rev-list --left-right feature/graphql...refs/remotes/origin/feature/graphql
> git for-each-ref --format %(refname) %(objectname) --sort -committerdate
> git remote --verbose
> git config --get commit.template
> git show :src/graphql/graphql.module.ts
> git ls-files --stage -- /home/william/Documentos/enderecosAlunosAPI/src/graphql/graphql.module.ts
> git cat-file -s 2cccb3139c608fbcfabac74da914a1132273fc3b
> git show :src/graphql/schema.gql
> git ls-files --stage -- /home/william/Documentos/enderecosAlunosAPI/src/graphql/schema.gql
> git cat-file -s c41d1d5aa223d9aa4b8afc390b78aa3624897429
> git show :src/graphql/graphql.module.ts
> git ls-files --stage -- /home/william/Documentos/enderecosAlunosAPI/src/graphql/graphql.module.ts
> git cat-file -s 2cccb3139c608fbcfabac74da914a1132273fc3b
> git show :src/graphql/aluno.resolver.ts
> git ls-files --stage -- /home/william/Documentos/enderecosAlunosAPI/src/graphql/aluno.resolver.ts
> git cat-file -s cf11940f9a4db18d8647f0f93e266598304dba13
> git show :src/graphql/schema.gql
> git ls-files --stage -- /home/william/Documentos/enderecosAlunosAPI/src/graphql/schema.gql
> git cat-file -s c41d1d5aa223d9aa4b8afc390b78aa3624897429
> git show :src/graphql/aluno.resolver.ts
> git ls-files --stage -- /home/william/Documentos/enderecosAlunosAPI/src/graphql/aluno.resolver.ts
> git cat-file -s cf11940f9a4db18d8647f0f93e266598304dba13
> git show :src/graphql/schema.gql
> git ls-files --stage -- /home/william/Documentos/enderecosAlunosAPI/src/graphql/schema.gql
> git cat-file -s c41d1d5aa223d9aa4b8afc390b78aa3624897429
> git show :src/graphql/aluno.resolver.ts
> git ls-files --stage -- /home/william/Documentos/enderecosAlunosAPI/src/graphql/aluno.resolver.ts
> git cat-file -s cf11940f9a4db18d8647f0f93e266598304dba13
> git show :src/graphql/schema.gql
> git ls-files --stage -- /home/william/Documentos/enderecosAlunosAPI/src/graphql/schema.gql
> git cat-file -s c41d1d5aa223d9aa4b8afc390b78aa3624897429
> git show :src/graphql/aluno.resolver.ts
> git ls-files --stage -- /home/william/Documentos/enderecosAlunosAPI/src/graphql/aluno.resolver.ts
> git cat-file -s cf11940f9a4db18d8647f0f93e266598304dba13
> git status -z -u
> git symbolic-ref --short HEAD
> git rev-parse feature/graphql
> git rev-parse --symbolic-full-name feature/graphql@{u}
> git rev-list --left-right feature/graphql...refs/remotes/origin/feature/graphql
> git for-each-ref --format %(refname) %(objectname) --sort -committerdate
> git remote --verbose
> git config --get commit.template
> git status -z -u
> git symbolic-ref --short HEAD
> git rev-parse feature/graphql
> git rev-parse --symbolic-full-name feature/graphql@{u}
> git rev-list --left-right feature/graphql...refs/remotes/origin/feature/graphql
> git for-each-ref --format %(refname) %(objectname) --sort -committerdate
> git remote --verbose
> git config --get commit.template
> git status -z -u
> git symbolic-ref --short HEAD
> git rev-parse feature/graphql
> git rev-parse --symbolic-full-name feature/graphql@{u}
> git rev-list --left-right feature/graphql...refs/remotes/origin/feature/graphql
> git for-each-ref --format %(refname) %(objectname) --sort -committerdate
> git remote --verbose
> git config --get commit.template
> git ls-files --stage -- /home/william/Documentos/enderecosAlunosAPI/src/graphql/aluno.resolver.ts
> git cat-file -s cf11940f9a4db18d8647f0f93e266598304dba13
> git show :src/graphql/aluno.resolver.ts
> git show :src/graphql/schema.gql
> git ls-files --stage -- /home/william/Documentos/enderecosAlunosAPI/src/graphql/schema.gql
> git cat-file -s c41d1d5aa223d9aa4b8afc390b78aa3624897429
> git show :src/graphql/aluno.resolver.ts
> git ls-files --stage -- /home/william/Documentos/enderecosAlunosAPI/src/graphql/aluno.resolver.ts
> git cat-file -s cf11940f9a4db18d8647f0f93e266598304dba13
> git status -z -u
> git symbolic-ref --short HEAD
> git rev-parse feature/graphql
> git rev-parse --symbolic-full-name feature/graphql@{u}
> git rev-list --left-right feature/graphql...refs/remotes/origin/feature/graphql
> git for-each-ref --format %(refname) %(objectname) --sort -committerdate
> git remote --verbose
> git config --get commit.template
> git status -z -u
> git symbolic-ref --short HEAD
> git rev-parse feature/graphql
> git rev-parse --symbolic-full-name feature/graphql@{u}
> git rev-list --left-right feature/graphql...refs/remotes/origin/feature/graphql
> git for-each-ref --format %(refname) %(objectname) --sort -committerdate
> git remote --verbose
> git config --get commit.template
> git status -z -u
> git symbolic-ref --short HEAD
> git rev-parse feature/graphql
> git rev-parse --symbolic-full-name feature/graphql@{u}
> git rev-list --left-right feature/graphql...refs/remotes/origin/feature/graphql
> git for-each-ref --format %(refname) %(objectname) --sort -committerdate
> git remote --verbose
> git config --get commit.template
> git status -z -u
> git symbolic-ref --short HEAD
> git rev-parse feature/graphql
> git rev-parse --symbolic-full-name feature/graphql@{u}
> git rev-list --left-right feature/graphql...refs/remotes/origin/feature/graphql
> git for-each-ref --format %(refname) %(objectname) --sort -committerdate
> git remote --verbose
> git config --get commit.template
> git status -z -u
> git symbolic-ref --short HEAD
> git rev-parse feature/graphql
> git rev-parse --symbolic-full-name feature/graphql@{u}
> git rev-list --left-right feature/graphql...refs/remotes/origin/feature/graphql
> git for-each-ref --format %(refname) %(objectname) --sort -committerdate
> git remote --verbose
> git config --get commit.template
> git status -z -u
> git symbolic-ref --short HEAD
> git rev-parse feature/graphql
> git rev-parse --symbolic-full-name feature/graphql@{u}
> git rev-list --left-right feature/graphql...refs/remotes/origin/feature/graphql
> git for-each-ref --format %(refname) %(objectname) --sort -committerdate
> git remote --verbose
> git config --get commit.template
> git status -z -u
> git symbolic-ref --short HEAD
> git rev-parse feature/graphql
> git rev-parse --symbolic-full-name feature/graphql@{u}
> git rev-list --left-right feature/graphql...refs/remotes/origin/feature/graphql
> git for-each-ref --format %(refname) %(objectname) --sort -committerdate
> git remote --verbose
> git config --get commit.template
> git status -z -u
> git symbolic-ref --short HEAD
> git rev-parse feature/graphql
> git rev-parse --symbolic-full-name feature/graphql@{u}
> git rev-list --left-right feature/graphql...refs/remotes/origin/feature/graphql
> git for-each-ref --format %(refname) %(objectname) --sort -committerdate
> git remote --verbose
> git config --get commit.template
> git status -z -u
> git symbolic-ref --short HEAD
> git rev-parse feature/graphql
> git rev-parse --symbolic-full-name feature/graphql@{u}
> git rev-list --left-right feature/graphql...refs/remotes/origin/feature/graphql
> git for-each-ref --format %(refname) %(objectname) --sort -committerdate
> git remote --verbose
> git config --get commit.template
> git show :src/graphql/schema.gql
> git ls-files --stage -- /home/william/Documentos/enderecosAlunosAPI/src/graphql/schema.gql
> git cat-file -s c41d1d5aa223d9aa4b8afc390b78aa3624897429
> git show :src/graphql/graphql.module.ts
> git ls-files --stage -- /home/william/Documentos/enderecosAlunosAPI/src/graphql/graphql.module.ts
> git cat-file -s 2cccb3139c608fbcfabac74da914a1132273fc3b
> git show :src/graphql/aluno.resolver.ts
> git ls-files --stage -- /home/william/Documentos/enderecosAlunosAPI/src/graphql/aluno.resolver.ts
> git cat-file -s cf11940f9a4db18d8647f0f93e266598304dba13
> git status -z -u
> git symbolic-ref --short HEAD
> git rev-parse feature/graphql
> git rev-parse --symbolic-full-name feature/graphql@{u}
> git rev-list --left-right feature/graphql...refs/remotes/origin/feature/graphql
> git for-each-ref --format %(refname) %(objectname) --sort -committerdate
> git remote --verbose
> git config --get commit.template
> git show :src/graphql/graphql.module.ts
> git ls-files --stage -- /home/william/Documentos/enderecosAlunosAPI/src/graphql/graphql.module.ts
> git cat-file -s 2cccb3139c608fbcfabac74da914a1132273fc3b
> git show :src/graphql/schema.gql
> git ls-files --stage -- /home/william/Documentos/enderecosAlunosAPI/src/graphql/schema.gql
> git cat-file -s c41d1d5aa223d9aa4b8afc390b78aa3624897429
> git status -z -u
> git symbolic-ref --short HEAD
> git rev-parse feature/graphql
> git rev-parse --symbolic-full-name feature/graphql@{u}
> git rev-list --left-right feature/graphql...refs/remotes/origin/feature/graphql
> git for-each-ref --format %(refname) %(objectname) --sort -committerdate
> git remote --verbose
> git config --get commit.template
> git status -z -u
> git symbolic-ref --short HEAD
> git rev-parse feature/graphql
> git rev-parse --symbolic-full-name feature/graphql@{u}
> git rev-list --left-right feature/graphql...refs/remotes/origin/feature/graphql
> git for-each-ref --format %(refname) %(objectname) --sort -committerdate
> git remote --verbose
> git config --get commit.template
> git check-ignore -v -z --stdin
> git show :src/graphql/aluno.resolver.ts
> git ls-files --stage -- /home/william/Documentos/enderecosAlunosAPI/src/graphql/aluno.resolver.ts
> git cat-file -s cf11940f9a4db18d8647f0f93e266598304dba13
> git ls-files --stage -- /home/william/Documentos/enderecosAlunosAPI/src/graphql/aluno.resolver.ts
> git cat-file -s cf11940f9a4db18d8647f0f93e266598304dba13
> git show :src/graphql/aluno.resolver.ts
> git status -z -u
> git symbolic-ref --short HEAD
> git rev-parse feature/graphql
> git rev-parse --symbolic-full-name feature/graphql@{u}
> git rev-list --left-right feature/graphql...refs/remotes/origin/feature/graphql
> git for-each-ref --format %(refname) %(objectname) --sort -committerdate
> git remote --verbose
> git config --get commit.template
> git show :src/graphql/graphql.module.ts
> git ls-files --stage -- /home/william/Documentos/enderecosAlunosAPI/src/graphql/graphql.module.ts
> git cat-file -s 2cccb3139c608fbcfabac74da914a1132273fc3b
> git status -z -u
> git symbolic-ref --short HEAD
> git rev-parse feature/graphql
> git rev-parse --symbolic-full-name feature/graphql@{u}
> git rev-list --left-right feature/graphql...refs/remotes/origin/feature/graphql
> git for-each-ref --format %(refname) %(objectname) --sort -committerdate
> git remote --verbose
> git config --get commit.template
> git show :src/graphql/aluno.resolver.ts
> git ls-files --stage -- /home/william/Documentos/enderecosAlunosAPI/src/graphql/aluno.resolver.ts
> git cat-file -s cf11940f9a4db18d8647f0f93e266598304dba13
> git status -z -u
> git symbolic-ref --short HEAD
> git rev-parse feature/graphql
> git rev-parse --symbolic-full-name feature/graphql@{u}
> git rev-list --left-right feature/graphql...refs/remotes/origin/feature/graphql
> git show :src/graphql/graphql.module.ts
> git ls-files --stage -- /home/william/Documentos/enderecosAlunosAPI/src/graphql/graphql.module.ts
> git cat-file -s 2cccb3139c608fbcfabac74da914a1132273fc3b
> git for-each-ref --format %(refname) %(objectname) --sort -committerdate
> git remote --verbose
> git config --get commit.template
> git show :src/graphql/schema.gql
> git ls-files --stage -- /home/william/Documentos/enderecosAlunosAPI/src/graphql/schema.gql
> git cat-file -s c41d1d5aa223d9aa4b8afc390b78aa3624897429
> git status -z -u
> git symbolic-ref --short HEAD
> git rev-parse feature/graphql
> git rev-parse --symbolic-full-name feature/graphql@{u}
> git rev-list --left-right feature/graphql...refs/remotes/origin/feature/graphql
> git for-each-ref --format %(refname) %(objectname) --sort -committerdate
> git remote --verbose
> git config --get commit.template
> git show :src/graphql/graphql.module.ts
> git ls-files --stage -- /home/william/Documentos/enderecosAlunosAPI/src/graphql/graphql.module.ts
> git cat-file -s 2cccb3139c608fbcfabac74da914a1132273fc3b
> git status -z -u
> git symbolic-ref --short HEAD
> git rev-parse feature/graphql
> git rev-parse --symbolic-full-name feature/graphql@{u}
> git rev-list --left-right feature/graphql...refs/remotes/origin/feature/graphql
> git for-each-ref --format %(refname) %(objectname) --sort -committerdate
> git remote --verbose
> git config --get commit.template
> git status -z -u
> git symbolic-ref --short HEAD
> git rev-parse feature/graphql
> git rev-parse --symbolic-full-name feature/graphql@{u}
> git rev-list --left-right feature/graphql...refs/remotes/origin/feature/graphql
> git for-each-ref --format %(refname) %(objectname) --sort -committerdate
> git remote --verbose
> git config --get commit.template
> git check-ignore -v -z --stdin
> git show :src/app.module.ts
> git ls-files --stage -- /home/william/Documentos/enderecosAlunosAPI/src/app.module.ts
> git cat-file -s 821ed316e19d970a9ba94df79f2e8318165fd92f
> git show :src/graphql/graphql.module.ts
> git ls-files --stage -- /home/william/Documentos/enderecosAlunosAPI/src/graphql/graphql.module.ts
> git cat-file -s 2cccb3139c608fbcfabac74da914a1132273fc3b
> git status -z -u
> git symbolic-ref --short HEAD
> git rev-parse feature/graphql
> git rev-parse --symbolic-full-name feature/graphql@{u}
> git rev-list --left-right feature/graphql...refs/remotes/origin/feature/graphql
> git for-each-ref --format %(refname) %(objectname) --sort -committerdate
> git remote --verbose
> git config --get commit.template
> git ls-files --stage -- /home/william/Documentos/enderecosAlunosAPI/src/graphql/graphql.module.ts
> git cat-file -s 2cccb3139c608fbcfabac74da914a1132273fc3b
> git show :src/graphql/graphql.module.ts
> git status -z -u
> git symbolic-ref --short HEAD
> git rev-parse feature/graphql
> git rev-parse --symbolic-full-name feature/graphql@{u}
> git rev-list --left-right feature/graphql...refs/remotes/origin/feature/graphql
> git for-each-ref --format %(refname) %(objectname) --sort -committerdate
> git remote --verbose
> git config --get commit.template
> git status -z -u
> git symbolic-ref --short HEAD
> git rev-parse feature/graphql
> git rev-parse --symbolic-full-name feature/graphql@{u}
> git rev-list --left-right feature/graphql...refs/remotes/origin/feature/graphql
> git for-each-ref --format %(refname) %(objectname) --sort -committerdate
> git remote --verbose
> git config --get commit.template
> git status -z -u
> git symbolic-ref --short HEAD
> git rev-parse feature/graphql
> git rev-parse --symbolic-full-name feature/graphql@{u}
> git rev-list --left-right feature/graphql...refs/remotes/origin/feature/graphql
> git for-each-ref --format %(refname) %(objectname) --sort -committerdate
> git remote --verbose
> git config --get commit.template
> git status -z -u
> git symbolic-ref --short HEAD
> git rev-parse feature/graphql
> git rev-parse --symbolic-full-name feature/graphql@{u}
> git rev-list --left-right feature/graphql...refs/remotes/origin/feature/graphql
> git for-each-ref --format %(refname) %(objectname) --sort -committerdate
> git remote --verbose
> git config --get commit.template
> git status -z -u
> git symbolic-ref --short HEAD
> git rev-parse feature/graphql
> git rev-parse --symbolic-full-name feature/graphql@{u}
> git rev-list --left-right feature/graphql...refs/remotes/origin/feature/graphql
> git for-each-ref --format %(refname) %(objectname) --sort -committerdate
> git remote --verbose
> git config --get commit.template
> git status -z -u
> git symbolic-ref --short HEAD
> git rev-parse feature/graphql
> git rev-parse --symbolic-full-name feature/graphql@{u}
> git rev-list --left-right feature/graphql...refs/remotes/origin/feature/graphql
> git for-each-ref --format %(refname) %(objectname) --sort -committerdate
> git remote --verbose
> git config --get commit.template
> git status -z -u
> git symbolic-ref --short HEAD
> git rev-parse feature/graphql
> git rev-parse --symbolic-full-name feature/graphql@{u}
> git rev-list --left-right feature/graphql...refs/remotes/origin/feature/graphql
> git for-each-ref --format %(refname) %(objectname) --sort -committerdate
> git remote --verbose
> git config --get commit.template
> git status -z -u
> git symbolic-ref --short HEAD
> git rev-parse feature/graphql
> git rev-parse --symbolic-full-name feature/graphql@{u}
> git rev-list --left-right feature/graphql...refs/remotes/origin/feature/graphql
> git for-each-ref --format %(refname) %(objectname) --sort -committerdate
> git remote --verbose
> git config --get commit.template
> git status -z -u
> git symbolic-ref --short HEAD
> git rev-parse feature/graphql
> git rev-parse --symbolic-full-name feature/graphql@{u}
> git rev-list --left-right feature/graphql...refs/remotes/origin/feature/graphql
> git for-each-ref --format %(refname) %(objectname) --sort -committerdate
> git remote --verbose
> git config --get commit.template
> git status -z -u
> git symbolic-ref --short HEAD
> git rev-parse feature/graphql
> git rev-parse --symbolic-full-name feature/graphql@{u}
> git rev-list --left-right feature/graphql...refs/remotes/origin/feature/graphql
> git for-each-ref --format %(refname) %(objectname) --sort -committerdate
> git remote --verbose
> git config --get commit.template
> git show :src/graphql/schema.gql
> git ls-files --stage -- /home/william/Documentos/enderecosAlunosAPI/src/graphql/schema.gql
> git cat-file -s c41d1d5aa223d9aa4b8afc390b78aa3624897429
> git show :src/graphql/graphql.module.ts
> git ls-files --stage -- /home/william/Documentos/enderecosAlunosAPI/src/graphql/graphql.module.ts
> git cat-file -s 2cccb3139c608fbcfabac74da914a1132273fc3b
> git show :src/graphql/aluno.resolver.ts
> git ls-files --stage -- /home/william/Documentos/enderecosAlunosAPI/src/graphql/aluno.resolver.ts
> git cat-file -s cf11940f9a4db18d8647f0f93e266598304dba13
> git show :src/graphql/graphql.module.ts
> git ls-files --stage -- /home/william/Documentos/enderecosAlunosAPI/src/graphql/graphql.module.ts
> git cat-file -s 2cccb3139c608fbcfabac74da914a1132273fc3b
> git show :src/graphql/aluno.resolver.ts
> git ls-files --stage -- /home/william/Documentos/enderecosAlunosAPI/src/graphql/aluno.resolver.ts
> git cat-file -s cf11940f9a4db18d8647f0f93e266598304dba13
> git status -z -u
> git symbolic-ref --short HEAD
> git rev-parse feature/graphql
> git rev-parse --symbolic-full-name feature/graphql@{u}
> git rev-list --left-right feature/graphql...refs/remotes/origin/feature/graphql
> git for-each-ref --format %(refname) %(objectname) --sort -committerdate
> git remote --verbose
> git config --get commit.template
> git ls-files --stage -- /home/william/Documentos/enderecosAlunosAPI/src/graphql/aluno.resolver.ts
> git cat-file -s cf11940f9a4db18d8647f0f93e266598304dba13
> git show :src/graphql/aluno.resolver.ts
> git status -z -u
> git symbolic-ref --short HEAD
> git rev-parse feature/graphql
> git rev-parse --symbolic-full-name feature/graphql@{u}
> git rev-list --left-right feature/graphql...refs/remotes/origin/feature/graphql
> git for-each-ref --format %(refname) %(objectname) --sort -committerdate
> git remote --verbose
> git config --get commit.template
> git status -z -u
> git symbolic-ref --short HEAD
> git rev-parse feature/graphql
> git rev-parse --symbolic-full-name feature/graphql@{u}
> git rev-list --left-right feature/graphql...refs/remotes/origin/feature/graphql
> git for-each-ref --format %(refname) %(objectname) --sort -committerdate
> git remote --verbose
> git config --get commit.template
> git status -z -u
> git symbolic-ref --short HEAD
> git rev-parse feature/graphql
> git rev-parse --symbolic-full-name feature/graphql@{u}
> git rev-list --left-right feature/graphql...refs/remotes/origin/feature/graphql
> git for-each-ref --format %(refname) %(objectname) --sort -committerdate
> git remote --verbose
> git config --get commit.template
> git status -z -u
> git symbolic-ref --short HEAD
> git rev-parse feature/graphql
> git rev-parse --symbolic-full-name feature/graphql@{u}
> git rev-list --left-right feature/graphql...refs/remotes/origin/feature/graphql
> git for-each-ref --format %(refname) %(objectname) --sort -committerdate
> git remote --verbose
> git config --get commit.template
> git status -z -u
> git symbolic-ref --short HEAD
> git rev-parse feature/graphql
> git rev-parse --symbolic-full-name feature/graphql@{u}
> git rev-list --left-right feature/graphql...refs/remotes/origin/feature/graphql
> git for-each-ref --format %(refname) %(objectname) --sort -committerdate
> git remote --verbose
> git config --get commit.template
> git ls-files --stage -- /home/william/Documentos/enderecosAlunosAPI/src/graphql/aluno.resolver.ts
> git cat-file -s cf11940f9a4db18d8647f0f93e266598304dba13
> git show :src/graphql/aluno.resolver.ts
> git status -z -u
> git symbolic-ref --short HEAD
> git rev-parse feature/graphql
> git rev-parse --symbolic-full-name feature/graphql@{u}
> git rev-list --left-right feature/graphql...refs/remotes/origin/feature/graphql
> git for-each-ref --format %(refname) %(objectname) --sort -committerdate
> git remote --verbose
> git config --get commit.template
> git show :src/graphql/graphql.module.ts
> git ls-files --stage -- /home/william/Documentos/enderecosAlunosAPI/src/graphql/graphql.module.ts
> git cat-file -s 2cccb3139c608fbcfabac74da914a1132273fc3b
> git show :src/graphql/aluno.resolver.ts
> git ls-files --stage -- /home/william/Documentos/enderecosAlunosAPI/src/graphql/aluno.resolver.ts
> git cat-file -s cf11940f9a4db18d8647f0f93e266598304dba13
> git show :src/graphql/schema.gql
> git ls-files --stage -- /home/william/Documentos/enderecosAlunosAPI/src/graphql/schema.gql
> git cat-file -s c41d1d5aa223d9aa4b8afc390b78aa3624897429
> git show :src/graphql/aluno.resolver.ts
> git ls-files --stage -- /home/william/Documentos/enderecosAlunosAPI/src/graphql/aluno.resolver.ts
> git cat-file -s cf11940f9a4db18d8647f0f93e266598304dba13
> git status -z -u
> git symbolic-ref --short HEAD
> git rev-parse feature/graphql
> git rev-parse --symbolic-full-name feature/graphql@{u}
> git rev-list --left-right feature/graphql...refs/remotes/origin/feature/graphql
> git show :src/graphql/schema.gql
> git ls-files --stage -- /home/william/Documentos/enderecosAlunosAPI/src/graphql/schema.gql
> git cat-file -s c41d1d5aa223d9aa4b8afc390b78aa3624897429
> git for-each-ref --format %(refname) %(objectname) --sort -committerdate
> git remote --verbose
> git config --get commit.template
> git show :src/graphql/graphql.module.ts
> git ls-files --stage -- /home/william/Documentos/enderecosAlunosAPI/src/graphql/graphql.module.ts
> git cat-file -s 2cccb3139c608fbcfabac74da914a1132273fc3b
> git status -z -u
> git symbolic-ref --short HEAD
> git rev-parse feature/graphql
> git rev-parse --symbolic-full-name feature/graphql@{u}
> git rev-list --left-right feature/graphql...refs/remotes/origin/feature/graphql
> git for-each-ref --format %(refname) %(objectname) --sort -committerdate
> git remote --verbose
> git config --get commit.template
> git show :src/app.module.ts
> git ls-files --stage -- /home/william/Documentos/enderecosAlunosAPI/src/app.module.ts
> git cat-file -s 821ed316e19d970a9ba94df79f2e8318165fd92f
> git show :src/graphql/aluno.resolver.ts
> git ls-files --stage -- /home/william/Documentos/enderecosAlunosAPI/src/graphql/aluno.resolver.ts
> git cat-file -s cf11940f9a4db18d8647f0f93e266598304dba13
> git show :src/graphql/graphql.module.ts
> git ls-files --stage -- /home/william/Documentos/enderecosAlunosAPI/src/graphql/graphql.module.ts
> git cat-file -s 2cccb3139c608fbcfabac74da914a1132273fc3b
> git show :src/app.module.ts
> git ls-files --stage -- /home/william/Documentos/enderecosAlunosAPI/src/app.module.ts
> git cat-file -s 821ed316e19d970a9ba94df79f2e8318165fd92f
> git show :src/graphql/aluno.resolver.ts
> git ls-files --stage -- /home/william/Documentos/enderecosAlunosAPI/src/graphql/aluno.resolver.ts
> git cat-file -s cf11940f9a4db18d8647f0f93e266598304dba13
> git show :src/graphql/schema.gql
> git ls-files --stage -- /home/william/Documentos/enderecosAlunosAPI/src/graphql/schema.gql
> git cat-file -s c41d1d5aa223d9aa4b8afc390b78aa3624897429
> git show :src/graphql/alunos.model.ts
> git ls-files --stage -- /home/william/Documentos/enderecosAlunosAPI/src/graphql/alunos.model.ts
> git check-ignore -v -z --stdin
> git status -z -u
> git symbolic-ref --short HEAD
> git rev-parse feature/graphql
> git rev-parse --symbolic-full-name feature/graphql@{u}
> git rev-list --left-right feature/graphql...refs/remotes/origin/feature/graphql
> git for-each-ref --format %(refname) %(objectname) --sort -committerdate
> git remote --verbose
> git config --get commit.template
> git show :src/alunos/aluno.entity.ts
> git ls-files --stage -- /home/william/Documentos/enderecosAlunosAPI/src/alunos/aluno.entity.ts
> git cat-file -s b83ccddb5f33fea512c3782a0beb83d36d1ec57c
> git show :src/graphql/alunos.model.ts
> git ls-files --stage -- /home/william/Documentos/enderecosAlunosAPI/src/graphql/alunos.model.ts
> git status -z -u
> git symbolic-ref --short HEAD
> git rev-parse feature/graphql
> git rev-parse --symbolic-full-name feature/graphql@{u}
> git rev-list --left-right feature/graphql...refs/remotes/origin/feature/graphql
> git for-each-ref --format %(refname) %(objectname) --sort -committerdate
> git remote --verbose
> git config --get commit.template
> git show :src/alunos/aluno.entity.ts
> git ls-files --stage -- /home/william/Documentos/enderecosAlunosAPI/src/alunos/aluno.entity.ts
> git cat-file -s b83ccddb5f33fea512c3782a0beb83d36d1ec57c
> git show :src/graphql/aluno.resolver.ts
> git ls-files --stage -- /home/william/Documentos/enderecosAlunosAPI/src/graphql/aluno.resolver.ts
> git cat-file -s cf11940f9a4db18d8647f0f93e266598304dba13
> git show :src/graphql/graphql.module.ts
> git ls-files --stage -- /home/william/Documentos/enderecosAlunosAPI/src/graphql/graphql.module.ts
> git cat-file -s 2cccb3139c608fbcfabac74da914a1132273fc3b
> git show :src/graphql/aluno.resolver.ts
> git ls-files --stage -- /home/william/Documentos/enderecosAlunosAPI/src/graphql/aluno.resolver.ts
> git cat-file -s cf11940f9a4db18d8647f0f93e266598304dba13
> git show :src/graphql/alunos.model.ts
> git ls-files --stage -- /home/william/Documentos/enderecosAlunosAPI/src/graphql/alunos.model.ts
> git show :src/graphql/schema.gql
> git ls-files --stage -- /home/william/Documentos/enderecosAlunosAPI/src/graphql/schema.gql
> git cat-file -s c41d1d5aa223d9aa4b8afc390b78aa3624897429
> git show :src/graphql/aluno.resolver.ts
> git ls-files --stage -- /home/william/Documentos/enderecosAlunosAPI/src/graphql/aluno.resolver.ts
> git cat-file -s cf11940f9a4db18d8647f0f93e266598304dba13
> git status -z -u
> git symbolic-ref --short HEAD
> git rev-parse feature/graphql
> git rev-parse --symbolic-full-name feature/graphql@{u}
> git rev-list --left-right feature/graphql...refs/remotes/origin/feature/graphql
> git for-each-ref --format %(refname) %(objectname) --sort -committerdate
> git remote --verbose
> git config --get commit.template
> git show :src/graphql/schema.gql
> git ls-files --stage -- /home/william/Documentos/enderecosAlunosAPI/src/graphql/schema.gql
> git cat-file -s c41d1d5aa223d9aa4b8afc390b78aa3624897429
> git show :src/graphql/aluno.resolver.ts
> git ls-files --stage -- /home/william/Documentos/enderecosAlunosAPI/src/graphql/aluno.resolver.ts
> git cat-file -s cf11940f9a4db18d8647f0f93e266598304dba13
> git show :src/graphql/graphql.module.ts
> git ls-files --stage -- /home/william/Documentos/enderecosAlunosAPI/src/graphql/graphql.module.ts
> git cat-file -s 2cccb3139c608fbcfabac74da914a1132273fc3b
> git status -z -u
> git symbolic-ref --short HEAD
> git rev-parse feature/graphql
> git rev-parse --symbolic-full-name feature/graphql@{u}
> git rev-list --left-right feature/graphql...refs/remotes/origin/feature/graphql
> git for-each-ref --format %(refname) %(objectname) --sort -committerdate
> git remote --verbose
> git config --get commit.template
> git show :src/graphql/aluno.resolver.ts
> git ls-files --stage -- /home/william/Documentos/enderecosAlunosAPI/src/graphql/aluno.resolver.ts
> git cat-file -s cf11940f9a4db18d8647f0f93e266598304dba13
> git status -z -u
> git symbolic-ref --short HEAD
> git rev-parse feature/graphql
> git rev-parse --symbolic-full-name feature/graphql@{u}
> git rev-list --left-right feature/graphql...refs/remotes/origin/feature/graphql
> git for-each-ref --format %(refname) %(objectname) --sort -committerdate
> git remote --verbose
> git config --get commit.template
> git status -z -u
> git symbolic-ref --short HEAD
> git rev-parse feature/graphql
> git rev-parse --symbolic-full-name feature/graphql@{u}
> git rev-list --left-right feature/graphql...refs/remotes/origin/feature/graphql
> git for-each-ref --format %(refname) %(objectname) --sort -committerdate
> git remote --verbose
> git config --get commit.template
> git status -z -u
> git ls-files --stage -- /home/william/Documentos/enderecosAlunosAPI/src/graphql/aluno.resolver.ts
> git symbolic-ref --short HEAD
> git rev-parse feature/graphql
> git cat-file -s cf11940f9a4db18d8647f0f93e266598304dba13
> git rev-parse --symbolic-full-name feature/graphql@{u}
> git rev-list --left-right feature/graphql...refs/remotes/origin/feature/graphql
> git show :src/graphql/aluno.resolver.ts
> git for-each-ref --format %(refname) %(objectname) --sort -committerdate
> git remote --verbose
> git config --get commit.template
> git status -z -u
> git symbolic-ref --short HEAD
> git rev-parse feature/graphql
> git rev-parse --symbolic-full-name feature/graphql@{u}
> git rev-list --left-right feature/graphql...refs/remotes/origin/feature/graphql
> git for-each-ref --format %(refname) %(objectname) --sort -committerdate
> git remote --verbose
> git config --get commit.template
> git show :src/graphql/graphql.module.ts
> git ls-files --stage -- /home/william/Documentos/enderecosAlunosAPI/src/graphql/graphql.module.ts
> git cat-file -s 2cccb3139c608fbcfabac74da914a1132273fc3b
> git status -z -u
> git symbolic-ref --short HEAD
> git rev-parse feature/graphql
> git rev-parse --symbolic-full-name feature/graphql@{u}
> git rev-list --left-right feature/graphql...refs/remotes/origin/feature/graphql
> git for-each-ref --format %(refname) %(objectname) --sort -committerdate
> git remote --verbose
> git config --get commit.template
> git check-ignore -v -z --stdin
> git status -z -u
> git symbolic-ref --short HEAD
> git rev-parse feature/graphql
> git rev-parse --symbolic-full-name feature/graphql@{u}
> git rev-list --left-right feature/graphql...refs/remotes/origin/feature/graphql
> git for-each-ref --format %(refname) %(objectname) --sort -committerdate
> git remote --verbose
> git config --get commit.template
> git check-ignore -v -z --stdin
> git show :src/alunos/dao/alunomodel.dao.ts
> git ls-files --stage -- /home/william/Documentos/enderecosAlunosAPI/src/alunos/dao/alunomodel.dao.ts
> git cat-file -s aba6f7c873ded8142775efdd8b6cc4ab99fe04e7
> git show :src/graphql/alunos.model.ts
> git ls-files --stage -- /home/william/Documentos/enderecosAlunosAPI/src/graphql/alunos.model.ts
> git show :src/graphql/aluno.model.ts
> git ls-files --stage -- /home/william/Documentos/enderecosAlunosAPI/src/graphql/aluno.model.ts
> git check-ignore -v -z --stdin
> git status -z -u
> git symbolic-ref --short HEAD
> git rev-parse feature/graphql
> git rev-parse --symbolic-full-name feature/graphql@{u}
> git rev-list --left-right feature/graphql...refs/remotes/origin/feature/graphql
> git for-each-ref --format %(refname) %(objectname) --sort -committerdate
> git remote --verbose
> git config --get commit.template
> git show :src/alunos/models/aluno.model.ts
> git ls-files --stage -- /home/william/Documentos/enderecosAlunosAPI/src/alunos/models/aluno.model.ts
> git check-ignore -v -z --stdin
> git status -z -u
> git symbolic-ref --short HEAD
> git rev-parse feature/graphql
> git rev-parse --symbolic-full-name feature/graphql@{u}
> git rev-list --left-right feature/graphql...refs/remotes/origin/feature/graphql
> git for-each-ref --format %(refname) %(objectname) --sort -committerdate
> git remote --verbose
> git config --get commit.template
> git status -z -u
> git symbolic-ref --short HEAD
> git rev-parse feature/graphql
> git rev-parse --symbolic-full-name feature/graphql@{u}
> git rev-list --left-right feature/graphql...refs/remotes/origin/feature/graphql
> git for-each-ref --format %(refname) %(objectname) --sort -committerdate
> git remote --verbose
> git config --get commit.template
> git status -z -u
> git symbolic-ref --short HEAD
> git rev-parse feature/graphql
> git rev-parse --symbolic-full-name feature/graphql@{u}
> git rev-list --left-right feature/graphql...refs/remotes/origin/feature/graphql
> git for-each-ref --format %(refname) %(objectname) --sort -committerdate
> git remote --verbose
> git config --get commit.template
> git status -z -u
> git symbolic-ref --short HEAD
> git rev-parse feature/graphql
> git rev-parse --symbolic-full-name feature/graphql@{u}
> git rev-list --left-right feature/graphql...refs/remotes/origin/feature/graphql
> git for-each-ref --format %(refname) %(objectname) --sort -committerdate
> git remote --verbose
> git config --get commit.template
> git show :src/graphql/graphql.module.ts
> git ls-files --stage -- /home/william/Documentos/enderecosAlunosAPI/src/graphql/graphql.module.ts
> git cat-file -s 2cccb3139c608fbcfabac74da914a1132273fc3b
> git show :src/graphql/aluno.resolver.ts
> git ls-files --stage -- /home/william/Documentos/enderecosAlunosAPI/src/graphql/aluno.resolver.ts
> git cat-file -s cf11940f9a4db18d8647f0f93e266598304dba13
> git status -z -u
> git symbolic-ref --short HEAD
> git rev-parse feature/graphql
> git rev-parse --symbolic-full-name feature/graphql@{u}
> git rev-list --left-right feature/graphql...refs/remotes/origin/feature/graphql
> git for-each-ref --format %(refname) %(objectname) --sort -committerdate
> git remote --verbose
> git config --get commit.template
> git status -z -u
> git symbolic-ref --short HEAD
> git rev-parse feature/graphql
> git rev-parse --symbolic-full-name feature/graphql@{u}
> git rev-list --left-right feature/graphql...refs/remotes/origin/feature/graphql
> git for-each-ref --format %(refname) %(objectname) --sort -committerdate
> git remote --verbose
> git config --get commit.template
> git show :src/alunos/aluno.resolver.ts
> git ls-files --stage -- /home/william/Documentos/enderecosAlunosAPI/src/alunos/aluno.resolver.ts
> git check-ignore -v -z --stdin
> git status -z -u
> git symbolic-ref --short HEAD
> git rev-parse feature/graphql
> git rev-parse --symbolic-full-name feature/graphql@{u}
> git rev-list --left-right feature/graphql...refs/remotes/origin/feature/graphql
> git for-each-ref --format %(refname) %(objectname) --sort -committerdate
> git remote --verbose
> git config --get commit.template
> git status -z -u
> git symbolic-ref --short HEAD
> git rev-parse feature/graphql
> git rev-parse --symbolic-full-name feature/graphql@{u}
> git rev-list --left-right feature/graphql...refs/remotes/origin/feature/graphql
> git for-each-ref --format %(refname) %(objectname) --sort -committerdate
> git remote --verbose
> git config --get commit.template
> git show :src/app.module.ts
> git ls-files --stage -- /home/william/Documentos/enderecosAlunosAPI/src/app.module.ts
> git cat-file -s 821ed316e19d970a9ba94df79f2e8318165fd92f
> git status -z -u
> git symbolic-ref --short HEAD
> git rev-parse feature/graphql
> git rev-parse --symbolic-full-name feature/graphql@{u}
> git rev-list --left-right feature/graphql...refs/remotes/origin/feature/graphql
> git for-each-ref --format %(refname) %(objectname) --sort -committerdate
> git remote --verbose
> git config --get commit.template
> git show :src/alunos/aluno.resolver.ts
> git ls-files --stage -- /home/william/Documentos/enderecosAlunosAPI/src/alunos/aluno.resolver.ts
> git show :src/alunos/aluno.module.ts
> git ls-files --stage -- /home/william/Documentos/enderecosAlunosAPI/src/alunos/aluno.module.ts
> git cat-file -s 483f14811a69cee636875aeb54692a524e64dd58
> git show :src/alunos/aluno.resolver.ts
> git ls-files --stage -- /home/william/Documentos/enderecosAlunosAPI/src/alunos/aluno.resolver.ts
> git status -z -u
> git symbolic-ref --short HEAD
> git rev-parse feature/graphql
> git rev-parse --symbolic-full-name feature/graphql@{u}
> git rev-list --left-right feature/graphql...refs/remotes/origin/feature/graphql
> git for-each-ref --format %(refname) %(objectname) --sort -committerdate
> git remote --verbose
> git config --get commit.template
> git show :src/alunos/aluno.module.ts
> git ls-files --stage -- /home/william/Documentos/enderecosAlunosAPI/src/alunos/aluno.module.ts
> git cat-file -s 483f14811a69cee636875aeb54692a524e64dd58
> git status -z -u
> git symbolic-ref --short HEAD
> git rev-parse feature/graphql
> git rev-parse --symbolic-full-name feature/graphql@{u}
> git rev-list --left-right feature/graphql...refs/remotes/origin/feature/graphql
> git for-each-ref --format %(refname) %(objectname) --sort -committerdate
> git remote --verbose
> git config --get commit.template
> git show :src/alunos/aluno.resolver.ts
> git ls-files --stage -- /home/william/Documentos/enderecosAlunosAPI/src/alunos/aluno.resolver.ts
> git show :src/alunos/models/aluno.model.ts
> git ls-files --stage -- /home/william/Documentos/enderecosAlunosAPI/src/alunos/models/aluno.model.ts
> git show :src/alunos/aluno.resolver.ts
> git ls-files --stage -- /home/william/Documentos/enderecosAlunosAPI/src/alunos/aluno.resolver.ts
> git show :src/alunos/models/aluno.model.ts
> git ls-files --stage -- /home/william/Documentos/enderecosAlunosAPI/src/alunos/models/aluno.model.ts
> git show :src/alunos/aluno.resolver.ts
> git ls-files --stage -- /home/william/Documentos/enderecosAlunosAPI/src/alunos/aluno.resolver.ts
> git show :src/alunos/models/aluno.model.ts
> git ls-files --stage -- /home/william/Documentos/enderecosAlunosAPI/src/alunos/models/aluno.model.ts
> git show :src/alunos/aluno.resolver.ts
> git ls-files --stage -- /home/william/Documentos/enderecosAlunosAPI/src/alunos/aluno.resolver.ts
> git status -z -u
> git symbolic-ref --short HEAD
> git rev-parse feature/graphql
> git rev-parse --symbolic-full-name feature/graphql@{u}
> git rev-list --left-right feature/graphql...refs/remotes/origin/feature/graphql
> git for-each-ref --format %(refname) %(objectname) --sort -committerdate
> git remote --verbose
> git config --get commit.template
> git show :src/alunos/aluno.module.ts
> git ls-files --stage -- /home/william/Documentos/enderecosAlunosAPI/src/alunos/aluno.module.ts
> git cat-file -s 483f14811a69cee636875aeb54692a524e64dd58
> git show :src/alunos/aluno.resolver.ts
> git ls-files --stage -- /home/william/Documentos/enderecosAlunosAPI/src/alunos/aluno.resolver.ts
> git status -z -u
> git symbolic-ref --short HEAD
> git rev-parse feature/graphql
> git rev-parse --symbolic-full-name feature/graphql@{u}
> git rev-list --left-right feature/graphql...refs/remotes/origin/feature/graphql
> git for-each-ref --format %(refname) %(objectname) --sort -committerdate
> git remote --verbose
> git config --get commit.template
> git show :src/alunos/aluno.module.ts
> git ls-files --stage -- /home/william/Documentos/enderecosAlunosAPI/src/alunos/aluno.module.ts
> git cat-file -s 483f14811a69cee636875aeb54692a524e64dd58
> git show :src/alunos/aluno.resolver.ts
> git ls-files --stage -- /home/william/Documentos/enderecosAlunosAPI/src/alunos/aluno.resolver.ts
> git status -z -u
> git symbolic-ref --short HEAD
> git rev-parse feature/graphql
> git rev-parse --symbolic-full-name feature/graphql@{u}
> git rev-list --left-right feature/graphql...refs/remotes/origin/feature/graphql
> git for-each-ref --format %(refname) %(objectname) --sort -committerdate
> git remote --verbose
> git config --get commit.template
> git status -z -u
> git symbolic-ref --short HEAD
> git rev-parse feature/graphql
> git rev-parse --symbolic-full-name feature/graphql@{u}
> git rev-list --left-right feature/graphql...refs/remotes/origin/feature/graphql
> git for-each-ref --format %(refname) %(objectname) --sort -committerdate
> git remote --verbose
> git config --get commit.template
> git status -z -u
> git symbolic-ref --short HEAD
> git rev-parse feature/graphql
> git rev-parse --symbolic-full-name feature/graphql@{u}
> git rev-list --left-right feature/graphql...refs/remotes/origin/feature/graphql
> git for-each-ref --format %(refname) %(objectname) --sort -committerdate
> git remote --verbose
> git config --get commit.template
> git status -z -u
> git symbolic-ref --short HEAD
> git rev-parse feature/graphql
> git rev-parse --symbolic-full-name feature/graphql@{u}
> git rev-list --left-right feature/graphql...refs/remotes/origin/feature/graphql
> git for-each-ref --format %(refname) %(objectname) --sort -committerdate
> git remote --verbose
> git config --get commit.template
> git check-ignore -v -z --stdin
> git show :schema.gql
> git ls-files --stage -- /home/william/Documentos/enderecosAlunosAPI/schema.gql
> git show :src/alunos/aluno.resolver.ts
> git ls-files --stage -- /home/william/Documentos/enderecosAlunosAPI/src/alunos/aluno.resolver.ts
> git show :src/alunos/models/aluno.model.ts
> git ls-files --stage -- /home/william/Documentos/enderecosAlunosAPI/src/alunos/models/aluno.model.ts
> git show :schema.gql
> git ls-files --stage -- /home/william/Documentos/enderecosAlunosAPI/schema.gql
> git status -z -u
> git symbolic-ref --short HEAD
> git rev-parse feature/graphql
> git rev-parse --symbolic-full-name feature/graphql@{u}
> git rev-list --left-right feature/graphql...refs/remotes/origin/feature/graphql
> git for-each-ref --format %(refname) %(objectname) --sort -committerdate
> git remote --verbose
> git config --get commit.template
> git ls-files --stage -- /home/william/Documentos/enderecosAlunosAPI/schema.gql
> git cat-file -s 0e0cfe5545faa29036464e930a42c4b55318bd62
> git show :schema.gql
> git status -z -u
> git symbolic-ref --short HEAD
> git rev-parse feature/graphql
> git rev-parse --symbolic-full-name feature/graphql@{u}
> git rev-list --left-right feature/graphql...refs/remotes/origin/feature/graphql
> git for-each-ref --format %(refname) %(objectname) --sort -committerdate
> git remote --verbose
> git config --get commit.template
> git ls-files --stage -- /home/william/Documentos/enderecosAlunosAPI/schema.gql
> git cat-file -s 0e0cfe5545faa29036464e930a42c4b55318bd62
> git show :schema.gql
> git show :src/alunos/aluno.resolver.ts
> git ls-files --stage -- /home/william/Documentos/enderecosAlunosAPI/src/alunos/aluno.resolver.ts
> git cat-file -s 595b2d220864bc6bf94d1f4890995123b02bf337
