Looking for git in: git
Using git 2.17.1 from git
> git rev-parse --show-toplevel
> git rev-parse --git-dir
Open repository: /home/william/Documentos/enderecosAlunosAPI
> git status -z -u
> git symbolic-ref --short HEAD
> git rev-parse feature/graphql
> git rev-parse --symbolic-full-name feature/graphql@{u}
> git rev-list --left-right feature/graphql...refs/remotes/origin/feature/graphql
> git for-each-ref --format %(refname) %(objectname) --sort -committerdate
> git remote --verbose
> git config --get commit.template
> git show :src/schema.gql
> git ls-files --stage -- /home/william/Documentos/enderecosAlunosAPI/src/schema.gql
> git check-ignore -v -z --stdin
> git check-ignore -v -z --stdin
> git show :src/alunos/aluno.entity.ts
> git ls-files --stage -- /home/william/Documentos/enderecosAlunosAPI/src/alunos/aluno.entity.ts
> git cat-file -s b83ccddb5f33fea512c3782a0beb83d36d1ec57c
> git show :src/schema.gql
> git ls-files --stage -- /home/william/Documentos/enderecosAlunosAPI/src/schema.gql
> git status -z -u
> git symbolic-ref --short HEAD
> git rev-parse feature/graphql
> git rev-parse --symbolic-full-name feature/graphql@{u}
> git rev-list --left-right feature/graphql...refs/remotes/origin/feature/graphql
> git for-each-ref --format %(refname) %(objectname) --sort -committerdate
> git remote --verbose
> git config --get commit.template
> git show :src/app.module.ts
> git ls-files --stage -- /home/william/Documentos/enderecosAlunosAPI/src/app.module.ts
> git check-ignore -v -z --stdin
> git cat-file -s 422c37739be05bcb52f0f39d04164020a2384080
> git show :src/app.module.ts
> git ls-files --stage -- /home/william/Documentos/enderecosAlunosAPI/src/app.module.ts
> git cat-file -s 422c37739be05bcb52f0f39d04164020a2384080
> git show :src/alunos/aluno.entity.ts
> git ls-files --stage -- /home/william/Documentos/enderecosAlunosAPI/src/alunos/aluno.entity.ts
> git cat-file -s b83ccddb5f33fea512c3782a0beb83d36d1ec57c
> git show :src/schema.gql
> git ls-files --stage -- /home/william/Documentos/enderecosAlunosAPI/src/schema.gql
> git check-ignore -v -z --stdin
> git show :src/alunos/aluno.entity.ts
> git ls-files --stage -- /home/william/Documentos/enderecosAlunosAPI/src/alunos/aluno.entity.ts
> git cat-file -s b83ccddb5f33fea512c3782a0beb83d36d1ec57c
> git check-ignore -v -z --stdin
> git show :src/app.module.ts
> git ls-files --stage -- /home/william/Documentos/enderecosAlunosAPI/src/app.module.ts
> git cat-file -s 422c37739be05bcb52f0f39d04164020a2384080
> git check-ignore -v -z --stdin
> git show :src/alunos/aluno.entity.ts
> git ls-files --stage -- /home/william/Documentos/enderecosAlunosAPI/src/alunos/aluno.entity.ts
> git cat-file -s b83ccddb5f33fea512c3782a0beb83d36d1ec57c
> git show :src/schema.gql
> git ls-files --stage -- /home/william/Documentos/enderecosAlunosAPI/src/schema.gql
> git show :src/app.module.ts
> git ls-files --stage -- /home/william/Documentos/enderecosAlunosAPI/src/app.module.ts
> git cat-file -s 422c37739be05bcb52f0f39d04164020a2384080
> git check-ignore -v -z --stdin
> git status -z -u
> git symbolic-ref --short HEAD
> git rev-parse feature/graphql
> git rev-parse --symbolic-full-name feature/graphql@{u}
> git rev-list --left-right feature/graphql...refs/remotes/origin/feature/graphql
> git for-each-ref --format %(refname) %(objectname) --sort -committerdate
> git remote --verbose
> git config --get commit.template
> git status -z -u
> git symbolic-ref --short HEAD
> git rev-parse feature/graphql
> git rev-parse --symbolic-full-name feature/graphql@{u}
> git rev-list --left-right feature/graphql...refs/remotes/origin/feature/graphql
> git for-each-ref --format %(refname) %(objectname) --sort -committerdate
> git remote --verbose
> git config --get commit.template
> git check-ignore -v -z --stdin
> git show :src/alunos/aluno.entity.ts
> git ls-files --stage -- /home/william/Documentos/enderecosAlunosAPI/src/alunos/aluno.entity.ts
> git cat-file -s b83ccddb5f33fea512c3782a0beb83d36d1ec57c
> git status -z -u
> git symbolic-ref --short HEAD
> git rev-parse feature/graphql
> git rev-parse --symbolic-full-name feature/graphql@{u}
> git rev-list --left-right feature/graphql...refs/remotes/origin/feature/graphql
> git for-each-ref --format %(refname) %(objectname) --sort -committerdate
> git remote --verbose
> git config --get commit.template
> git status -z -u
> git symbolic-ref --short HEAD
> git rev-parse feature/graphql
> git rev-parse --symbolic-full-name feature/graphql@{u}
> git rev-list --left-right feature/graphql...refs/remotes/origin/feature/graphql
> git for-each-ref --format %(refname) %(objectname) --sort -committerdate
> git remote --verbose
> git config --get commit.template
> git status -z -u
> git symbolic-ref --short HEAD
> git rev-parse develop
> git rev-parse --symbolic-full-name develop@{u}
> git rev-list --left-right develop...refs/remotes/origin/develop
> git for-each-ref --format %(refname) %(objectname) --sort -committerdate
> git remote --verbose
Failed to watch ref '/home/william/Documentos/enderecosAlunosAPI/.git/refs/remotes/origin/develop', is most likely packed.
Error: ENOENT: no such file or directory, watch '/home/william/Documentos/enderecosAlunosAPI/.git/refs/remotes/origin/develop'
	at FSWatcher.start (internal/fs/watchers.js:165:26)
	at Object.watch (fs.js:1270:11)
	at Object.t.watch (/snap/code/32/usr/share/code/resources/app/extensions/git/dist/main.js:1:604919)
	at T.updateTransientWatchers (/snap/code/32/usr/share/code/resources/app/extensions/git/dist/main.js:1:83965)
	at e.fire (/snap/code/32/usr/share/code/resources/app/out/vs/workbench/services/extensions/node/extensionHostProcess.js:46:87)
	at e.updateModelState (/snap/code/32/usr/share/code/resources/app/extensions/git/dist/main.js:1:103179)
> git config --get commit.template
> git status -z -u
> git symbolic-ref --short HEAD
> git rev-parse develop
> git rev-parse --symbolic-full-name develop@{u}
> git rev-list --left-right develop...refs/remotes/origin/develop
> git for-each-ref --format %(refname) %(objectname) --sort -committerdate
> git remote --verbose
Failed to watch ref '/home/william/Documentos/enderecosAlunosAPI/.git/refs/remotes/origin/develop', is most likely packed.
Error: ENOENT: no such file or directory, watch '/home/william/Documentos/enderecosAlunosAPI/.git/refs/remotes/origin/develop'
	at FSWatcher.start (internal/fs/watchers.js:165:26)
	at Object.watch (fs.js:1270:11)
	at Object.t.watch (/snap/code/32/usr/share/code/resources/app/extensions/git/dist/main.js:1:604919)
	at T.updateTransientWatchers (/snap/code/32/usr/share/code/resources/app/extensions/git/dist/main.js:1:83965)
	at e.fire (/snap/code/32/usr/share/code/resources/app/out/vs/workbench/services/extensions/node/extensionHostProcess.js:46:87)
	at e.updateModelState (/snap/code/32/usr/share/code/resources/app/extensions/git/dist/main.js:1:103179)
> git config --get commit.template
> git status -z -u
> git symbolic-ref --short HEAD
> git rev-parse develop
> git rev-parse --symbolic-full-name develop@{u}
> git rev-list --left-right develop...refs/remotes/origin/develop
> git for-each-ref --format %(refname) %(objectname) --sort -committerdate
> git remote --verbose
Failed to watch ref '/home/william/Documentos/enderecosAlunosAPI/.git/refs/remotes/origin/develop', is most likely packed.
Error: ENOENT: no such file or directory, watch '/home/william/Documentos/enderecosAlunosAPI/.git/refs/remotes/origin/develop'
	at FSWatcher.start (internal/fs/watchers.js:165:26)
	at Object.watch (fs.js:1270:11)
	at Object.t.watch (/snap/code/32/usr/share/code/resources/app/extensions/git/dist/main.js:1:604919)
	at T.updateTransientWatchers (/snap/code/32/usr/share/code/resources/app/extensions/git/dist/main.js:1:83965)
	at e.fire (/snap/code/32/usr/share/code/resources/app/out/vs/workbench/services/extensions/node/extensionHostProcess.js:46:87)
	at e.updateModelState (/snap/code/32/usr/share/code/resources/app/extensions/git/dist/main.js:1:103179)
> git config --get commit.template
> git status -z -u
> git symbolic-ref --short HEAD
> git rev-parse develop
> git rev-parse --symbolic-full-name develop@{u}
> git rev-list --left-right develop...refs/remotes/origin/develop
> git for-each-ref --format %(refname) %(objectname) --sort -committerdate
> git remote --verbose
Failed to watch ref '/home/william/Documentos/enderecosAlunosAPI/.git/refs/remotes/origin/develop', is most likely packed.
Error: ENOENT: no such file or directory, watch '/home/william/Documentos/enderecosAlunosAPI/.git/refs/remotes/origin/develop'
	at FSWatcher.start (internal/fs/watchers.js:165:26)
	at Object.watch (fs.js:1270:11)
	at Object.t.watch (/snap/code/32/usr/share/code/resources/app/extensions/git/dist/main.js:1:604919)
	at T.updateTransientWatchers (/snap/code/32/usr/share/code/resources/app/extensions/git/dist/main.js:1:83965)
	at e.fire (/snap/code/32/usr/share/code/resources/app/out/vs/workbench/services/extensions/node/extensionHostProcess.js:46:87)
	at e.updateModelState (/snap/code/32/usr/share/code/resources/app/extensions/git/dist/main.js:1:103179)
> git config --get commit.template
> git status -z -u
> git symbolic-ref --short HEAD
> git rev-parse develop
> git rev-parse --symbolic-full-name develop@{u}
> git rev-list --left-right develop...refs/remotes/origin/develop
> git for-each-ref --format %(refname) %(objectname) --sort -committerdate
> git remote --verbose
Failed to watch ref '/home/william/Documentos/enderecosAlunosAPI/.git/refs/remotes/origin/develop', is most likely packed.
Error: ENOENT: no such file or directory, watch '/home/william/Documentos/enderecosAlunosAPI/.git/refs/remotes/origin/develop'
	at FSWatcher.start (internal/fs/watchers.js:165:26)
	at Object.watch (fs.js:1270:11)
	at Object.t.watch (/snap/code/32/usr/share/code/resources/app/extensions/git/dist/main.js:1:604919)
	at T.updateTransientWatchers (/snap/code/32/usr/share/code/resources/app/extensions/git/dist/main.js:1:83965)
	at e.fire (/snap/code/32/usr/share/code/resources/app/out/vs/workbench/services/extensions/node/extensionHostProcess.js:46:87)
	at e.updateModelState (/snap/code/32/usr/share/code/resources/app/extensions/git/dist/main.js:1:103179)
> git config --get commit.template
> git status -z -u
> git symbolic-ref --short HEAD
> git rev-parse feature/graphql
> git rev-parse --symbolic-full-name feature/graphql@{u}
> git rev-list --left-right feature/graphql...refs/remotes/origin/feature/graphql
> git for-each-ref --format %(refname) %(objectname) --sort -committerdate
> git remote --verbose
> git config --get commit.template
> git status -z -u
> git symbolic-ref --short HEAD
> git rev-parse feature/graphql
> git rev-parse --symbolic-full-name feature/graphql@{u}
> git rev-list --left-right feature/graphql...refs/remotes/origin/feature/graphql
> git for-each-ref --format %(refname) %(objectname) --sort -committerdate
> git remote --verbose
> git config --get commit.template
> git status -z -u
> git symbolic-ref --short HEAD
> git rev-parse feature/graphql
> git rev-parse --symbolic-full-name feature/graphql@{u}
> git rev-list --left-right feature/graphql...refs/remotes/origin/feature/graphql
> git for-each-ref --format %(refname) %(objectname) --sort -committerdate
> git remote --verbose
> git config --get commit.template
> git status -z -u
> git symbolic-ref --short HEAD
> git rev-parse feature/graphql
> git rev-parse --symbolic-full-name feature/graphql@{u}
> git rev-list --left-right feature/graphql...refs/remotes/origin/feature/graphql
> git for-each-ref --format %(refname) %(objectname) --sort -committerdate
> git remote --verbose
> git config --get commit.template
> git check-ignore -v -z --stdin
