[2020-05-09 18:43:51.850] [exthost] [info] extension host started
[2020-05-09 18:43:51.889] [exthost] [info] ExtensionService#_doActivateExtension vscode.debug-auto-launch {"startup":true,"extensionId":{"value":"vscode.debug-auto-launch","_lower":"vscode.debug-auto-launch"},"activationEvent":"*"}
[2020-05-09 18:43:51.889] [exthost] [info] ExtensionService#loadCommonJSModule file:///snap/code/32/usr/share/code/resources/app/extensions/debug-auto-launch/dist/extension
[2020-05-09 18:43:51.985] [exthost] [info] ExtensionService#_doActivateExtension vscode.emmet {"startup":true,"extensionId":{"value":"vscode.emmet","_lower":"vscode.emmet"},"activationEvent":"*"}
[2020-05-09 18:43:51.985] [exthost] [info] ExtensionService#loadCommonJSModule file:///snap/code/32/usr/share/code/resources/app/extensions/emmet/dist/extension
[2020-05-09 18:43:52.221] [exthost] [info] ExtensionService#_doActivateExtension vscode.git {"startup":true,"extensionId":{"value":"vscode.git","_lower":"vscode.git"},"activationEvent":"*"}
[2020-05-09 18:43:52.221] [exthost] [info] ExtensionService#loadCommonJSModule file:///snap/code/32/usr/share/code/resources/app/extensions/git/dist/main
[2020-05-09 18:43:52.497] [exthost] [info] ExtensionService#_doActivateExtension vscode.merge-conflict {"startup":true,"extensionId":{"value":"vscode.merge-conflict","_lower":"vscode.merge-conflict"},"activationEvent":"*"}
[2020-05-09 18:43:52.497] [exthost] [info] ExtensionService#loadCommonJSModule file:///snap/code/32/usr/share/code/resources/app/extensions/merge-conflict/dist/extension
[2020-05-09 18:43:52.634] [exthost] [info] ExtensionService#_doActivateExtension vscode.search-result {"startup":true,"extensionId":{"value":"vscode.search-result","_lower":"vscode.search-result"},"activationEvent":"*"}
[2020-05-09 18:43:52.634] [exthost] [info] ExtensionService#loadCommonJSModule file:///snap/code/32/usr/share/code/resources/app/extensions/search-result/dist/extension.js
[2020-05-09 18:43:52.730] [exthost] [info] ExtensionService#_doActivateExtension vscode.vscode-account {"startup":true,"extensionId":{"value":"vscode.vscode-account","_lower":"vscode.vscode-account"},"activationEvent":"*"}
[2020-05-09 18:43:52.730] [exthost] [info] ExtensionService#loadCommonJSModule file:///snap/code/32/usr/share/code/resources/app/extensions/vscode-account/dist/extension.js
[2020-05-09 18:43:52.796] [exthost] [info] ExtensionService#_doActivateExtension dbaeumer.vscode-eslint {"startup":true,"extensionId":{"value":"dbaeumer.vscode-eslint","_lower":"dbaeumer.vscode-eslint"},"activationEvent":"*"}
[2020-05-09 18:43:52.796] [exthost] [info] ExtensionService#loadCommonJSModule file:///home/william/.vscode/extensions/dbaeumer.vscode-eslint-2.1.5/client/out/extension
[2020-05-09 18:43:53.342] [exthost] [info] ExtensionService#_doActivateExtension PKief.material-icon-theme {"startup":true,"extensionId":{"value":"PKief.material-icon-theme","_lower":"pkief.material-icon-theme"},"activationEvent":"*"}
[2020-05-09 18:43:53.344] [exthost] [info] ExtensionService#loadCommonJSModule file:///home/william/.vscode/extensions/pkief.material-icon-theme-4.1.0/dist/extension
[2020-05-09 18:43:53.548] [exthost] [info] ExtensionService#_doActivateExtension vscode.npm {"startup":true,"extensionId":{"value":"vscode.npm","_lower":"vscode.npm"},"activationEvent":"workspaceContains:package.json"}
[2020-05-09 18:43:53.548] [exthost] [info] ExtensionService#loadCommonJSModule file:///snap/code/32/usr/share/code/resources/app/extensions/npm/dist/main
[2020-05-09 18:43:58.140] [exthost] [info] eager extensions activated
[2020-05-09 18:44:13.766] [exthost] [info] ExtensionService#_doActivateExtension vscode.extension-editing {"startup":false,"extensionId":{"value":"vscode.extension-editing","_lower":"vscode.extension-editing"},"activationEvent":"onLanguage:typescript"}
[2020-05-09 18:44:13.766] [exthost] [info] ExtensionService#loadCommonJSModule file:///snap/code/32/usr/share/code/resources/app/extensions/extension-editing/dist/extension
[2020-05-09 18:44:13.894] [exthost] [info] ExtensionService#_doActivateExtension vscode.typescript-language-features {"startup":false,"extensionId":{"value":"vscode.typescript-language-features","_lower":"vscode.typescript-language-features"},"activationEvent":"onLanguage:typescript"}
[2020-05-09 18:44:13.894] [exthost] [info] ExtensionService#loadCommonJSModule file:///snap/code/32/usr/share/code/resources/app/extensions/typescript-language-features/dist/extension
[2020-05-09 18:44:25.476] [exthost] [info] ExtensionService#_doActivateExtension Prisma.vscode-graphql {"startup":false,"extensionId":{"value":"Prisma.vscode-graphql","_lower":"prisma.vscode-graphql"},"activationEvent":"onLanguage:graphql"}
[2020-05-09 18:44:25.476] [exthost] [info] ExtensionService#loadCommonJSModule file:///home/william/.vscode/extensions/prisma.vscode-graphql-0.2.14/out/extension
[2020-05-09 18:45:57.861] [exthost] [info] ExtensionService#_doActivateExtension vscode.configuration-editing {"startup":false,"extensionId":{"value":"vscode.configuration-editing","_lower":"vscode.configuration-editing"},"activationEvent":"onLanguage:jsonc"}
[2020-05-09 18:45:57.861] [exthost] [info] ExtensionService#loadCommonJSModule file:///snap/code/32/usr/share/code/resources/app/extensions/configuration-editing/dist/extension
[2020-05-09 18:45:57.905] [exthost] [info] ExtensionService#_doActivateExtension vscode.json-language-features {"startup":false,"extensionId":{"value":"vscode.json-language-features","_lower":"vscode.json-language-features"},"activationEvent":"onLanguage:jsonc"}
[2020-05-09 18:45:57.905] [exthost] [info] ExtensionService#loadCommonJSModule file:///snap/code/32/usr/share/code/resources/app/extensions/json-language-features/client/dist/jsonMain
[2020-05-09 20:00:14.678] [exthost] [info] [vscode.typescript-language-features] UNSAVE result from 'resolveCompletionItem', extension SHOULD NOT change any of: additionalTextEdits, or command
[2020-05-09 20:00:32.587] [exthost] [warning] INVALID text edit -> must have at least a label
[2020-05-09 20:00:34.109] [exthost] [error] [vscode.typescript-language-features] provider FAILED
[2020-05-09 20:00:34.110] [exthost] [error] Error: DisposableStore is missing...
	at U._convertCompletionItem (/snap/code/32/usr/share/code/resources/app/out/vs/workbench/services/extensions/node/extensionHostProcess.js:677:574)
	at U.resolveCompletionItem (/snap/code/32/usr/share/code/resources/app/out/vs/workbench/services/extensions/node/extensionHostProcess.js:677:354)
	at runMicrotasks (<anonymous>)
	at processTicksAndRejections (internal/process/task_queues.js:85:5)
[2020-05-09 20:04:48.637] [exthost] [error] [vscode.typescript-language-features] provider FAILED
[2020-05-09 20:04:48.638] [exthost] [error] Error: <syntax> TypeScript Server Error (3.8.3)
Debug Failure. False expression: Expected line to be non-zero
Error: Debug Failure. False expression: Expected line to be non-zero
    at failIfInvalidLocation (/snap/code/32/usr/share/code/resources/app/extensions/node_modules/typescript/lib/tsserver.js:138899:22)
    at ScriptInfo.positionToLineOffset (/snap/code/32/usr/share/code/resources/app/extensions/node_modules/typescript/lib/tsserver.js:138872:17)
    at toProtocolTextSpan (/snap/code/32/usr/share/code/resources/app/extensions/node_modules/typescript/lib/tsserver.js:146077:35)
    at /snap/code/32/usr/share/code/resources/app/extensions/node_modules/typescript/lib/tsserver.js:145608:68
    at Array.map (<anonymous>)
    at IOSession.Session.toLocationNavigationTree (/snap/code/32/usr/share/code/resources/app/extensions/node_modules/typescript/lib/tsserver.js:145608:39)
    at IOSession.Session.getNavigationTree (/snap/code/32/usr/share/code/resources/app/extensions/node_modules/typescript/lib/tsserver.js:145619:32)
    at Session.handlers.ts.createMapFromTemplate._a.<computed> (/snap/code/32/usr/share/code/resources/app/extensions/node_modules/typescript/lib/tsserver.js:144481:61)
    at /snap/code/32/usr/share/code/resources/app/extensions/node_modules/typescript/lib/tsserver.js:146003:88
    at IOSession.Session.executeWithRequestId (/snap/code/32/usr/share/code/resources/app/extensions/node_modules/typescript/lib/tsserver.js:145994:28)
    at IOSession.Session.executeCommand (/snap/code/32/usr/share/code/resources/app/extensions/node_modules/typescript/lib/tsserver.js:146003:33)
    at IOSession.Session.onMessage (/snap/code/32/usr/share/code/resources/app/extensions/node_modules/typescript/lib/tsserver.js:146027:35)
    at Interface.<anonymous> (/snap/code/32/usr/share/code/resources/app/extensions/node_modules/typescript/lib/tsserver.js:147342:27)
    at Interface.emit (events.js:203:13)
    at Interface._onLine (readline.js:316:10)
    at Interface._normalWrite (readline.js:461:12)
    at Socket.ondata (readline.js:172:10)
    at Socket.emit (events.js:203:13)
    at addChunk (_stream_readable.js:295:12)
    at readableAddChunk (_stream_readable.js:276:11)
    at Socket.Readable.push (_stream_readable.js:210:10)
    at Pipe.onStreamRead (internal/stream_base_commons.js:166:17)
	at Function.create (/snap/code/32/usr/share/code/resources/app/extensions/typescript-language-features/dist/extension.js:1:52449)
	at e.dispatchResponse (/snap/code/32/usr/share/code/resources/app/extensions/typescript-language-features/dist/extension.js:1:222369)
	at e.dispatchMessage (/snap/code/32/usr/share/code/resources/app/extensions/typescript-language-features/dist/extension.js:1:221287)
	at /snap/code/32/usr/share/code/resources/app/extensions/typescript-language-features/dist/extension.js:1:220763
	at e.fire (/snap/code/32/usr/share/code/resources/app/out/vs/workbench/services/extensions/node/extensionHostProcess.js:46:67)
	at t.Reader.onLengthData (/snap/code/32/usr/share/code/resources/app/extensions/typescript-language-features/dist/extension.js:1:229425)
	at Socket.<anonymous> (/snap/code/32/usr/share/code/resources/app/extensions/typescript-language-features/dist/extension.js:1:229073)
	at Socket.emit (events.js:203:13)
	at addChunk (_stream_readable.js:295:12)
	at readableAddChunk (_stream_readable.js:276:11)
	at Socket.Readable.push (_stream_readable.js:210:10)
	at Pipe.onStreamRead (internal/stream_base_commons.js:166:17)
[2020-05-09 20:05:36.016] [exthost] [error] [vscode.typescript-language-features] provider FAILED
[2020-05-09 20:05:36.016] [exthost] [error] Error: <syntax> TypeScript Server Error (3.8.3)
Debug Failure. False expression: Expected line to be non-zero
Error: Debug Failure. False expression: Expected line to be non-zero
    at failIfInvalidLocation (/snap/code/32/usr/share/code/resources/app/extensions/node_modules/typescript/lib/tsserver.js:138899:22)
    at ScriptInfo.positionToLineOffset (/snap/code/32/usr/share/code/resources/app/extensions/node_modules/typescript/lib/tsserver.js:138872:17)
    at toProtocolTextSpan (/snap/code/32/usr/share/code/resources/app/extensions/node_modules/typescript/lib/tsserver.js:146077:35)
    at /snap/code/32/usr/share/code/resources/app/extensions/node_modules/typescript/lib/tsserver.js:145608:68
    at Array.map (<anonymous>)
    at IOSession.Session.toLocationNavigationTree (/snap/code/32/usr/share/code/resources/app/extensions/node_modules/typescript/lib/tsserver.js:145608:39)
    at IOSession.Session.getNavigationTree (/snap/code/32/usr/share/code/resources/app/extensions/node_modules/typescript/lib/tsserver.js:145619:32)
    at Session.handlers.ts.createMapFromTemplate._a.<computed> (/snap/code/32/usr/share/code/resources/app/extensions/node_modules/typescript/lib/tsserver.js:144481:61)
    at /snap/code/32/usr/share/code/resources/app/extensions/node_modules/typescript/lib/tsserver.js:146003:88
    at IOSession.Session.executeWithRequestId (/snap/code/32/usr/share/code/resources/app/extensions/node_modules/typescript/lib/tsserver.js:145994:28)
    at IOSession.Session.executeCommand (/snap/code/32/usr/share/code/resources/app/extensions/node_modules/typescript/lib/tsserver.js:146003:33)
    at IOSession.Session.onMessage (/snap/code/32/usr/share/code/resources/app/extensions/node_modules/typescript/lib/tsserver.js:146027:35)
    at Interface.<anonymous> (/snap/code/32/usr/share/code/resources/app/extensions/node_modules/typescript/lib/tsserver.js:147342:27)
    at Interface.emit (events.js:203:13)
    at Interface._onLine (readline.js:316:10)
    at Interface._normalWrite (readline.js:461:12)
    at Socket.ondata (readline.js:172:10)
    at Socket.emit (events.js:203:13)
    at addChunk (_stream_readable.js:295:12)
    at readableAddChunk (_stream_readable.js:276:11)
    at Socket.Readable.push (_stream_readable.js:210:10)
    at Pipe.onStreamRead (internal/stream_base_commons.js:166:17)
	at Function.create (/snap/code/32/usr/share/code/resources/app/extensions/typescript-language-features/dist/extension.js:1:52449)
	at e.dispatchResponse (/snap/code/32/usr/share/code/resources/app/extensions/typescript-language-features/dist/extension.js:1:222369)
	at e.dispatchMessage (/snap/code/32/usr/share/code/resources/app/extensions/typescript-language-features/dist/extension.js:1:221287)
	at /snap/code/32/usr/share/code/resources/app/extensions/typescript-language-features/dist/extension.js:1:220763
	at e.fire (/snap/code/32/usr/share/code/resources/app/out/vs/workbench/services/extensions/node/extensionHostProcess.js:46:67)
	at t.Reader.onLengthData (/snap/code/32/usr/share/code/resources/app/extensions/typescript-language-features/dist/extension.js:1:229425)
	at Socket.<anonymous> (/snap/code/32/usr/share/code/resources/app/extensions/typescript-language-features/dist/extension.js:1:229073)
	at Socket.emit (events.js:203:13)
	at addChunk (_stream_readable.js:295:12)
	at readableAddChunk (_stream_readable.js:276:11)
	at Socket.Readable.push (_stream_readable.js:210:10)
	at Pipe.onStreamRead (internal/stream_base_commons.js:166:17)
[2020-05-09 20:14:17.618] [exthost] [warning] INVALID text edit -> must have at least a label
